2025-04-27T00:41:37 exception: Failed to open "/home/ishaan/.local/share/mpd/mpdstate": No such file or directory
2025-04-27T00:41:46 update: added /Stay [I6etAHfECXc].mp3
2025-04-27T00:41:46 update: added /Firestone [aDPkAK5s30I].mp3
2025-04-27T00:41:46 update: added /It Ain't Me [OK848_DSj6k].mp3
2025-04-27T00:41:46 update: added /Waiting For Love [iR1sAex__VA].mp3
2025-04-27T00:41:46 update: added /In the Name of Love [4u4d4GWdpo8].mp3
2025-04-27T00:41:46 update: added /I Want You To Know [7NMrrRQqzN0].mp3
2025-04-27T00:41:46 update: added /Beautiful Now [67_ZA1zLlXA].mp3
2025-04-27T00:41:46 update: added /Where Are You Now [-23UKjwu_10].mp3
2025-04-27T00:41:46 update: added /Slide [VRAU3CtiRq8].mp3
2025-04-27T00:41:46 update: added /No Promises (feat. Demi Lovato) [8dwSKcSbvAU].mp3
2025-04-27T00:41:46 update: added /Summer [KSgKKSny0Qo].mp3
2025-04-27T00:41:46 update: added /Lush Life [RG-D4bcg54s].mp3
2025-04-27T00:41:46 update: added /Alien [7qcHUYL6JWA].mp3
2025-04-27T00:41:46 update: added /Love Me Like You Do [k3smYB3Nfqc].mp3
2025-04-27T00:41:46 update: added /There's Nothing Holdin' Me Back [Ztdc7TcPdAA].mp3
2025-04-27T00:41:46 update: added /We Don't Talk Anymore (feat. Selena Gomez) [ffqliB42Nh4].mp3
2025-04-27T00:41:46 update: added /Think Of Us [b7i0m9Dcxhw].mp3
2025-04-27T00:41:46 update: added /Attention [vxUBYHz_q1I].mp3
2025-04-27T00:41:46 update: added /Side To Side [psuGCpXaDMU].mp3
2025-04-27T00:41:46 update: added /Levitating (feat. DaBaby) [e8WoWk4b3D0].mp3
2025-04-27T00:41:46 update: added /Starving [RbafU2k95Hg].mp3
2025-04-27T00:41:46 update: added /Promises [ZrzwkZ0L_V0].mp3
2025-04-27T00:41:46 update: added /Rather Be (feat. Jess Glynne) [dHdMAdh4Xgc].mp3
2025-04-27T00:41:46 update: added /Not Ok [WgmTMsL0hAA].mp3
2025-04-27T00:41:46 update: added /Lost In Japan (Remix) [LHdw3ptW4fk].mp3
2025-04-27T00:41:46 update: added /Back To You [miUhh2fKVYE].mp3
2025-04-27T00:41:46 update: added /Tick Tock (feat. 24kGoldn) [fFsapeLp0n8].mp3
2025-04-27T00:41:46 update: added /Let Me Love You [rJ0D1GbDq1Q].mp3
2025-04-27T00:41:46 update: added /Be Kind [qGayx0PQ6J0].mp3
2025-04-27T00:41:46 update: added /Healing (Shattered Heart) [GyDNgR63yvE].mp3
2025-04-27T00:41:46 update: added /I'm Not Here To Make Friends [B0L1bd95VlI].mp3
2025-04-27T00:41:46 update: added /Ride [w1Smzzw_w7Q].mp3
2025-04-27T00:41:46 update: added /Heathens [oLeROuCMwj8].mp3
2025-04-27T00:41:46 update: added /Stressed Out [K1FlAphL2p8].mp3
2025-04-27T00:41:46 update: added /Thinking About You [bqpp872d9QU].mp3
2025-04-27T00:41:46 update: added /My Way [aTEa2CgmsMA].mp3
2025-04-27T00:41:46 update: added /2U (feat. Justin Bieber) [O5hasoAOVdY].mp3
2025-04-27T00:41:46 update: added /Bad Habits [hJWSZDJb-W4].mp3
2025-04-27T00:41:46 update: added /Blame [70BASPcfWVQ].mp3
2025-04-27T00:41:46 update: added /Summer Days (feat. Macklemore & Patrick Stump of Fall Out Boy) [Jw32PfEnkm0].mp3
2025-04-27T00:41:46 update: added /Starboy [3_g2un5M350].mp3
2025-04-27T00:41:46 update: added /I Feel It Coming [qPRNIHxLhmc].mp3
2025-04-27T00:42:52 player: played "2U (feat. Justin Bieber) [O5hasoAOVdY].mp3"
2025-04-27T08:01:40 player: played "2U (feat. Justin Bieber) [O5hasoAOVdY].mp3"
2025-04-27T09:01:52 player: played "2U (feat. Justin Bieber) [O5hasoAOVdY].mp3"
2025-04-27T09:05:23 player: played "Back To You [miUhh2fKVYE].mp3"
2025-04-27T09:53:51 player: played "2U (feat. Justin Bieber) [O5hasoAOVdY].mp3"
2025-04-27T09:57:22 player: played "Back To You [miUhh2fKVYE].mp3"
2025-04-27T10:00:15 player: played "Be Kind [qGayx0PQ6J0].mp3"
2025-04-27T10:03:48 player: played "Blame [70BASPcfWVQ].mp3"
2025-04-27T10:09:35 player: played "Back To You [miUhh2fKVYE].mp3"
2025-04-27T10:12:29 player: played "Daisy [ayu9ONkFPHk].mp3"
2025-04-27T10:15:53 player: played "Get Low [12whwKaVhZU].mp3"
2025-04-27T10:18:47 player: played "Head Down [XZogcY3aEsg].mp3"
2025-04-27T10:21:29 player: played "Healing (Shattered Heart) [GyDNgR63yvE].mp3"
2025-04-27T10:25:19 player: played "I'm Not Here To Make Friends [B0L1bd95VlI].mp3"
2025-04-27T10:36:01 player: played "Lay Me Down [SON_1EJweKk].mp3"
2025-04-27T16:59:12 player: played "2U (feat. Justin Bieber) [O5hasoAOVdY].mp3"
2025-04-27T17:02:05 player: played "Be Kind [qGayx0PQ6J0].mp3"
2025-04-27T17:02:45 update: added /Breakaway [z91TWoeUV9Y].mp3
2025-04-27T17:02:45 update: added /Calling (Lose My Mind) [1a-Rs5zLNZ8].mp3
2025-04-27T17:02:45 update: added /Eastside [74qn0eJSjpA].mp3
2025-04-27T17:02:45 update: added /Forbidden Voices [JDJGXwZlkb0].mp3
2025-04-27T17:02:45 update: added /Starlight (Keep Me Afloat) [E3zr9JPIsQg].mp3
2025-04-27T17:02:45 update: added /Under Control (Extended Mix) [XCBP-NBDvXY].mp3
2025-04-27T17:05:38 player: played "Blame [70BASPcfWVQ].mp3"
2025-04-27T17:09:25 player: played "Forbidden Voices [JDJGXwZlkb0].mp3"
2025-04-27T17:12:51 player: played "Calling (Lose My Mind) [1a-Rs5zLNZ8].mp3"
2025-04-27T17:15:36 player: played "Breakaway [z91TWoeUV9Y].mp3"
2025-04-27T17:19:06 player: played "Back To You [miUhh2fKVYE].mp3"
2025-04-27T17:22:00 player: played "Eastside [74qn0eJSjpA].mp3"
2025-04-27T17:24:54 player: played "Daisy [ayu9ONkFPHk].mp3"
2025-04-27T17:28:18 player: played "Get Low [12whwKaVhZU].mp3"
2025-04-27T17:31:12 player: played "Head Down [XZogcY3aEsg].mp3"
2025-04-27T17:33:54 player: played "Healing (Shattered Heart) [GyDNgR63yvE].mp3"
2025-04-27T17:37:44 player: played "I'm Not Here To Make Friends [B0L1bd95VlI].mp3"
2025-04-27T17:42:44 player: played "Lay Me Down [SON_1EJweKk].mp3"
2025-04-27T17:46:25 player: played "It Ain't Me [OK848_DSj6k].mp3"
2025-04-27T17:49:51 player: played "Let Me Love You [rJ0D1GbDq1Q].mp3"
2025-04-27T17:52:20 player: played "Where Are You Now [-23UKjwu_10].mp3"
2025-04-27T17:55:57 player: played "We Don't Talk Anymore (feat. Selena Gomez) [ffqliB42Nh4].mp3"
2025-04-27T17:59:48 player: played "Waiting For Love [iR1sAex__VA].mp3"
2025-04-27T18:02:46 player: played "Tick Tock (feat. 24kGoldn) [fFsapeLp0n8].mp3"
2025-04-27T18:06:54 player: played "Thinking About You [bqpp872d9QU].mp3"
2025-04-27T18:10:45 player: played "Slide [VRAU3CtiRq8].mp3"
2025-04-27T18:14:31 player: played "Side To Side [psuGCpXaDMU].mp3"
2025-04-27T18:18:17 player: played "Obsessed [-QChdKLKc6c].mp3"
2025-04-27T18:24:42 player: played "2U (feat. Justin Bieber) [O5hasoAOVdY].mp3"
2025-04-27T18:27:35 player: played "Be Kind [qGayx0PQ6J0].mp3"
2025-04-27T18:50:30 player: played "Blame [70BASPcfWVQ].mp3"
2025-04-27T22:50:27 player: played "2U (feat. Justin Bieber) [O5hasoAOVdY].mp3"
2025-04-27T22:56:08 player: played "Promises [ZrzwkZ0L_V0].mp3"
2025-04-27T22:59:39 player: played "Not Ok [WgmTMsL0hAA].mp3"
2025-04-27T23:03:18 player: played "My Way [aTEa2CgmsMA].mp3"
2025-04-27T23:07:06 player: played "My Way [aTEa2CgmsMA].mp3"
2025-04-27T23:10:29 player: played "Came Here for Love [SqwYQcsNybs].mp3"
2025-04-27T23:14:19 player: played "Bad Habits [hJWSZDJb-W4].mp3"
2025-04-27T23:17:12 player: played "Be Kind [qGayx0PQ6J0].mp3"
2025-04-27T23:20:45 player: played "Blame [70BASPcfWVQ].mp3"
2025-04-27T23:24:32 player: played "Forbidden Voices [JDJGXwZlkb0].mp3"
2025-04-27T23:28:02 player: played "Back To You [miUhh2fKVYE].mp3"
2025-04-27T23:30:56 player: played "Eastside [74qn0eJSjpA].mp3"
2025-04-27T23:33:51 player: played "Daisy [ayu9ONkFPHk].mp3"
2025-04-27T23:37:15 player: played "Get Low [12whwKaVhZU].mp3"
2025-04-27T23:40:08 player: played "Head Down [XZogcY3aEsg].mp3"
2025-04-27T23:42:50 player: played "Healing (Shattered Heart) [GyDNgR63yvE].mp3"
2025-04-27T23:46:40 player: played "I'm Not Here To Make Friends [B0L1bd95VlI].mp3"
2025-04-27T23:51:40 player: played "Lay Me Down [SON_1EJweKk].mp3"
2025-04-27T23:55:21 player: played "It Ain't Me [OK848_DSj6k].mp3"
2025-04-28T00:17:56 player: played "Back To You [miUhh2fKVYE].mp3"
2025-04-28T00:20:49 player: played "Eastside [74qn0eJSjpA].mp3"
2025-04-28T00:23:44 player: played "Daisy [ayu9ONkFPHk].mp3"
2025-04-28T00:27:08 player: played "Get Low [12whwKaVhZU].mp3"
2025-04-28T00:30:02 player: played "Head Down [XZogcY3aEsg].mp3"
2025-04-28T00:32:44 player: played "Healing (Shattered Heart) [GyDNgR63yvE].mp3"
2025-04-28T00:36:33 player: played "I'm Not Here To Make Friends [B0L1bd95VlI].mp3"
2025-04-28T00:41:34 player: played "Lay Me Down [SON_1EJweKk].mp3"
2025-04-28T00:45:14 player: played "It Ain't Me [OK848_DSj6k].mp3"
2025-04-28T00:48:40 player: played "Let Me Love You [rJ0D1GbDq1Q].mp3"
2025-04-28T00:51:08 player: played "Where Are You Now [-23UKjwu_10].mp3"
2025-04-28T00:54:46 player: played "We Don't Talk Anymore (feat. Selena Gomez) [ffqliB42Nh4].mp3"
2025-04-28T00:58:37 player: played "Waiting For Love [iR1sAex__VA].mp3"
2025-04-28T01:01:35 player: played "Tick Tock (feat. 24kGoldn) [fFsapeLp0n8].mp3"
2025-04-28T01:05:43 player: played "Thinking About You [bqpp872d9QU].mp3"
2025-04-28T01:06:37 player: played "Slide [VRAU3CtiRq8].mp3"
2025-04-28T12:32:31 player: played "2U (feat. Justin Bieber) [O5hasoAOVdY].mp3"
2025-04-28T12:35:55 player: played "Alien [7qcHUYL6JWA].mp3"
2025-04-28T12:39:45 player: played "Not Ok [WgmTMsL0hAA].mp3"
2025-04-28T12:43:24 player: played "My Way [aTEa2CgmsMA].mp3"
2025-04-28T12:46:47 player: played "Came Here for Love [SqwYQcsNybs].mp3"
2025-04-28T12:50:38 player: played "Bad Habits [hJWSZDJb-W4].mp3"
2025-04-28T12:53:31 player: played "Be Kind [qGayx0PQ6J0].mp3"
2025-04-28T12:57:04 player: played "Blame [70BASPcfWVQ].mp3"
2025-04-28T13:00:51 player: played "Forbidden Voices [JDJGXwZlkb0].mp3"
2025-04-28T13:06:26 player: played "Back To You [miUhh2fKVYE].mp3"
2025-04-28T13:09:19 player: played "Eastside [74qn0eJSjpA].mp3"
2025-04-28T13:12:14 player: played "Daisy [ayu9ONkFPHk].mp3"
2025-04-28T13:17:11 output: Failed to play on "pulse audio" (pulse): disconnected
2025-04-28T13:17:11 player: played "Lay Me Down [SON_1EJweKk].mp3"
2025-04-28T15:42:13 player: played "Lay Me Down [SON_1EJweKk].mp3"
2025-04-28T15:46:11 player: played "Get Low [12whwKaVhZU].mp3"
2025-04-28T15:49:05 player: played "Head Down [XZogcY3aEsg].mp3"
2025-04-28T15:51:47 player: played "Healing (Shattered Heart) [GyDNgR63yvE].mp3"
2025-04-28T15:55:37 player: played "I'm Not Here To Make Friends [B0L1bd95VlI].mp3"
2025-04-28T17:33:34 player: played "It Ain't Me [OK848_DSj6k].mp3"
2025-04-29T00:11:36 player: played "2U (feat. Justin Bieber) [O5hasoAOVdY].mp3"
2025-04-29T01:05:16 player: played "Promises [ZrzwkZ0L_V0].mp3"
2025-04-29T11:44:45 player: played "2U (feat. Justin Bieber) [O5hasoAOVdY].mp3"
2025-04-29T11:47:44 player: played "Tick Tock (feat. 24kGoldn) [fFsapeLp0n8].mp3"
2025-04-29T11:50:34 player: played "Think Of Us [b7i0m9Dcxhw].mp3"
2025-04-29T11:53:39 player: played "The Middle [rYPQtWOcGmQ].mp3"
2025-04-29T11:56:41 player: played "Starving [RbafU2k95Hg].mp3"
2025-04-29T12:00:13 player: played "Attention [vxUBYHz_q1I].mp3"
2025-04-29T12:08:22 player: played "Promises [ZrzwkZ0L_V0].mp3"
2025-04-29T12:11:53 player: played "Not Ok [WgmTMsL0hAA].mp3"
2025-04-29T12:15:32 player: played "My Way [aTEa2CgmsMA].mp3"
2025-04-29T12:18:55 player: played "Came Here for Love [SqwYQcsNybs].mp3"
2025-04-29T12:22:46 player: played "Bad Habits [hJWSZDJb-W4].mp3"
2025-04-29T12:25:39 player: played "Be Kind [qGayx0PQ6J0].mp3"
2025-04-29T12:29:12 player: played "Blame [70BASPcfWVQ].mp3"
2025-04-29T12:32:59 player: played "Forbidden Voices [JDJGXwZlkb0].mp3"
2025-04-29T12:36:29 player: played "Back To You [miUhh2fKVYE].mp3"
2025-04-29T12:39:23 player: played "Eastside [74qn0eJSjpA].mp3"
2025-04-29T12:42:17 player: played "Daisy [ayu9ONkFPHk].mp3"
2025-04-29T12:47:17 player: played "Lay Me Down [SON_1EJweKk].mp3"
2025-04-29T12:50:41 player: played "Get Low [12whwKaVhZU].mp3"
2025-04-29T12:53:35 player: played "Head Down [XZogcY3aEsg].mp3"
2025-04-29T12:56:17 player: played "Healing (Shattered Heart) [GyDNgR63yvE].mp3"
2025-04-29T12:56:19 player: played "I'm Not Here To Make Friends [B0L1bd95VlI].mp3"
2025-04-29T16:31:52 player: played "I'm Not Here To Make Friends [B0L1bd95VlI].mp3"
2025-04-29T16:35:33 player: played "It Ain't Me [OK848_DSj6k].mp3"
2025-04-29T16:38:59 player: played "Let Me Love You [rJ0D1GbDq1Q].mp3"
2025-04-29T16:41:27 player: played "Where Are You Now [-23UKjwu_10].mp3"
2025-04-29T16:45:05 player: played "We Don't Talk Anymore (feat. Selena Gomez) [ffqliB42Nh4].mp3"
2025-04-29T16:48:56 player: played "Waiting For Love [iR1sAex__VA].mp3"
2025-04-29T16:51:54 player: played "Tick Tock (feat. 24kGoldn) [fFsapeLp0n8].mp3"
2025-04-29T16:56:02 player: played "Thinking About You [bqpp872d9QU].mp3"
2025-04-29T17:16:36 player: played "Slide [VRAU3CtiRq8].mp3"
2025-04-29T17:20:22 player: played "Side To Side [psuGCpXaDMU].mp3"
2025-04-29T17:24:08 player: played "Obsessed [-QChdKLKc6c].mp3"
2025-04-29T17:27:22 player: played "Polaroid [pFRgA8TMw7I].mp3"
2025-04-29T17:31:53 player: played "Firestone [aDPkAK5s30I].mp3"
2025-04-29T17:35:40 player: played "Forbidden Voices [JDJGXwZlkb0].mp3"
2025-04-29T17:38:35 player: played "Alien [7qcHUYL6JWA].mp3"
2025-04-29T18:02:17 player: played "2U (feat. Justin Bieber) [O5hasoAOVdY].mp3"
2025-04-29T18:05:16 player: played "Tick Tock (feat. 24kGoldn) [fFsapeLp0n8].mp3"
2025-04-29T18:08:06 player: played "Think Of Us [b7i0m9Dcxhw].mp3"
2025-04-29T18:11:11 player: played "The Middle [rYPQtWOcGmQ].mp3"
2025-04-29T18:50:34 player: played "Starving [RbafU2k95Hg].mp3"
2025-04-29T21:08:27 player: played "Back To You [miUhh2fKVYE].mp3"
2025-04-29T21:11:21 player: played "Eastside [74qn0eJSjpA].mp3"
2025-04-29T21:17:53 player: played "Daisy [ayu9ONkFPHk].mp3"
2025-04-29T21:52:02 player: played "Daisy [ayu9ONkFPHk].mp3"
2025-04-29T21:57:02 player: played "Lay Me Down [SON_1EJweKk].mp3"
2025-04-29T22:00:26 player: played "Get Low [12whwKaVhZU].mp3"
2025-04-29T22:03:20 player: played "Head Down [XZogcY3aEsg].mp3"
2025-04-29T22:06:02 player: played "Healing (Shattered Heart) [GyDNgR63yvE].mp3"
2025-04-29T22:09:52 player: played "I'm Not Here To Make Friends [B0L1bd95VlI].mp3"
2025-04-29T22:13:32 player: played "It Ain't Me [OK848_DSj6k].mp3"
2025-04-29T22:16:58 player: played "Let Me Love You [rJ0D1GbDq1Q].mp3"
2025-04-29T22:19:27 player: played "Where Are You Now [-23UKjwu_10].mp3"
2025-04-29T22:22:21 player: played "Alien [7qcHUYL6JWA].mp3"
2025-04-29T22:25:59 player: played "We Don't Talk Anymore (feat. Selena Gomez) [ffqliB42Nh4].mp3"
2025-04-29T22:29:50 player: played "Waiting For Love [iR1sAex__VA].mp3"
2025-04-29T22:35:17 player: played "Thinking About You [bqpp872d9QU].mp3"
2025-04-30T18:40:57 player: played "2U (feat. Justin Bieber) [O5hasoAOVdY].mp3"
2025-04-30T19:26:53 player: played "Tick Tock (feat. 24kGoldn) [fFsapeLp0n8].mp3"
2025-04-30T19:29:44 player: played "Think Of Us [b7i0m9Dcxhw].mp3"
2025-04-30T19:29:59 player: played "The Middle [rYPQtWOcGmQ].mp3"
2025-04-30T22:32:57 player: played "2U (feat. Justin Bieber) [O5hasoAOVdY].mp3"
2025-04-30T22:39:23 player: played "Calling (Lose My Mind) [1a-Rs5zLNZ8].mp3"
2025-04-30T22:42:08 player: played "Breakaway [z91TWoeUV9Y].mp3"
2025-04-30T22:46:39 player: played "Clarity [Lur-rvf6A1c].mp3"
2025-04-30T22:49:31 player: played "Lighter [B2djW8yQCQk].mp3"
2025-04-30T22:52:30 player: played "Tick Tock (feat. 24kGoldn) [fFsapeLp0n8].mp3"
2025-04-30T22:55:20 player: played "Think Of Us [b7i0m9Dcxhw].mp3"
2025-04-30T22:58:25 player: played "The Middle [rYPQtWOcGmQ].mp3"
2025-04-30T23:01:27 player: played "Starving [RbafU2k95Hg].mp3"
2025-04-30T23:04:58 player: played "Attention [vxUBYHz_q1I].mp3"
2025-04-30T23:08:32 player: played "Promises [ZrzwkZ0L_V0].mp3"
2025-04-30T23:12:03 player: played "Not Ok [WgmTMsL0hAA].mp3"
2025-04-30T23:15:42 player: played "My Way [aTEa2CgmsMA].mp3"
2025-04-30T23:44:48 player: played "Forbidden Voices [JDJGXwZlkb0].mp3"
2025-04-30T23:48:18 player: played "Back To You [miUhh2fKVYE].mp3"
2025-04-30T23:51:12 player: played "Eastside [74qn0eJSjpA].mp3"
2025-04-30T23:56:55 player: played "Daisy [ayu9ONkFPHk].mp3"
2025-04-30T23:59:04 player: played "Lay Me Down [SON_1EJweKk].mp3"
2025-05-01T00:02:13 player: played "Daisy [ayu9ONkFPHk].mp3"
2025-05-01T00:07:13 player: played "Lay Me Down [SON_1EJweKk].mp3"
2025-05-01T00:10:37 player: played "Get Low [12whwKaVhZU].mp3"
2025-05-01T00:13:31 player: played "Head Down [XZogcY3aEsg].mp3"
2025-05-01T00:16:13 player: played "Healing (Shattered Heart) [GyDNgR63yvE].mp3"
2025-05-01T00:30:47 player: played "I'm Not Here To Make Friends [B0L1bd95VlI].mp3"
2025-05-01T00:35:36 player: played "We Don't Talk Anymore (feat. Selena Gomez) [ffqliB42Nh4].mp3"
2025-05-01T14:29:16 player: played "2U (feat. Justin Bieber) [O5hasoAOVdY].mp3"
2025-05-01T14:52:45 player: played "2U (feat. Justin Bieber) [O5hasoAOVdY].mp3"
2025-05-01T14:56:11 player: played "Calling (Lose My Mind) [1a-Rs5zLNZ8].mp3"
2025-05-01T14:58:56 player: played "Breakaway [z91TWoeUV9Y].mp3"
2025-05-01T15:03:27 player: played "Clarity [Lur-rvf6A1c].mp3"
2025-05-01T15:06:20 player: played "Lighter [B2djW8yQCQk].mp3"
2025-05-01T15:09:18 player: played "Tick Tock (feat. 24kGoldn) [fFsapeLp0n8].mp3"
2025-05-01T15:12:08 player: played "Think Of Us [b7i0m9Dcxhw].mp3"
2025-05-01T15:15:13 player: played "The Middle [rYPQtWOcGmQ].mp3"
2025-05-01T15:18:22 player: played "Starving [RbafU2k95Hg].mp3"
2025-05-01T15:21:57 player: played "Attention [vxUBYHz_q1I].mp3"
2025-05-01T15:25:30 player: played "Promises [ZrzwkZ0L_V0].mp3"
2025-05-01T16:18:25 player: played "Not Ok [WgmTMsL0hAA].mp3"
2025-05-01T19:59:38 player: played "Not Ok [WgmTMsL0hAA].mp3"
2025-05-01T20:02:22 player: played "Summer Days (feat. Macklemore & Patrick Stump of Fall Out Boy) [Jw32PfEnkm0].mp3"
2025-05-01T20:06:01 player: played "My Way [aTEa2CgmsMA].mp3"
2025-05-01T20:09:24 player: played "Came Here for Love [SqwYQcsNybs].mp3"
2025-05-01T20:13:15 player: played "Bad Habits [hJWSZDJb-W4].mp3"
2025-05-01T20:16:08 player: played "Be Kind [qGayx0PQ6J0].mp3"
2025-05-01T23:04:47 player: played "Levitating (feat. DaBaby) [e8WoWk4b3D0].mp3"
2025-05-01T23:07:30 player: played "Summer Days (feat. Macklemore & Patrick Stump of Fall Out Boy) [Jw32PfEnkm0].mp3"
2025-05-01T23:13:48 player: played "My Way [aTEa2CgmsMA].mp3"
2025-05-01T23:17:42 player: played "Came Here for Love [SqwYQcsNybs].mp3"
2025-05-01T23:21:33 player: played "Bad Habits [hJWSZDJb-W4].mp3"
2025-05-01T23:24:26 player: played "Be Kind [qGayx0PQ6J0].mp3"
2025-05-01T23:27:59 player: played "Blame [70BASPcfWVQ].mp3"
2025-05-01T23:31:46 player: played "Forbidden Voices [JDJGXwZlkb0].mp3"
2025-05-01T23:35:16 player: played "Back To You [miUhh2fKVYE].mp3"
2025-05-01T23:38:10 player: played "Eastside [74qn0eJSjpA].mp3"
2025-05-01T23:41:04 player: played "Daisy [ayu9ONkFPHk].mp3"
2025-05-01T23:46:04 player: played "Lay Me Down [SON_1EJweKk].mp3"
2025-05-01T23:49:28 player: played "Get Low [12whwKaVhZU].mp3"
2025-05-02T00:11:40 player: played "Head Down [XZogcY3aEsg].mp3"
2025-05-02T12:47:27 update: added /Remind Me to Forget [FGSTRog9TOU].mp3
2025-05-02T12:48:56 player: played "2U (feat. Justin Bieber) [O5hasoAOVdY].mp3"
2025-05-02T13:12:02 player: played "Clarity [Lur-rvf6A1c].mp3"
2025-05-02T14:20:11 update: added /Broken Glass [YPz5eVX-jaY].mp3
2025-05-02T14:20:11 update: added /Company [81oCkIJko5s].mp3
2025-05-02T14:20:11 update: added /Drown (feat. Clinton Kane) [Pi85fqA5pVQ].mp3
2025-05-02T14:20:11 update: added /Happier [kfCTO9PPtVo].mp3
2025-05-02T14:20:11 update: added /Jackie Chan [EqV8AQ6EpTg].mp3
2025-05-02T14:20:11 update: added /Like It Is [7FmUXinTJxc].mp3
2025-05-02T14:20:11 update: added /Martin Garrix & Dean Lewis - Used To Love (Official Video) [LEh9F67Z5n8].mp3
2025-05-02T14:20:11 update: added /Ritual [nmlzCmic34Y].mp3
2025-05-02T14:20:11 update: added /SOS [CgiPuXwhhfY].mp3
2025-05-02T14:20:11 update: added /This Is What You Came For [inCm3ByI17o].mp3
2025-05-02T14:25:29 player: played "Broken Glass [YPz5eVX-jaY].mp3"
2025-05-02T14:29:28 player: played "The Middle [rYPQtWOcGmQ].mp3"
2025-05-02T14:32:22 player: played "Drown (feat. Clinton Kane) [Pi85fqA5pVQ].mp3"
2025-05-02T14:35:50 player: played "Company [81oCkIJko5s].mp3"
2025-05-02T14:38:52 player: played "Starving [RbafU2k95Hg].mp3"
2025-05-02T14:43:34 player: played "Attention [vxUBYHz_q1I].mp3"
2025-05-02T14:47:31 player: played "Martin Garrix & Dean Lewis - Used To Love (Official Video) [LEh9F67Z5n8].mp3"
2025-05-02T14:51:02 player: played "Not Ok [WgmTMsL0hAA].mp3"
2025-05-02T14:54:25 player: played "Levitating (feat. DaBaby) [e8WoWk4b3D0].mp3"
2025-05-02T14:57:09 player: played "Summer Days (feat. Macklemore & Patrick Stump of Fall Out Boy) [Jw32PfEnkm0].mp3"
2025-05-02T15:00:48 player: played "My Way [aTEa2CgmsMA].mp3"
2025-05-02T15:03:39 player: played "Summer Days (feat. Macklemore & Patrick Stump of Fall Out Boy) [Jw32PfEnkm0].mp3"
2025-05-02T15:07:18 player: played "My Way [aTEa2CgmsMA].mp3"
2025-05-02T15:14:11 player: played "Came Here for Love [SqwYQcsNybs].mp3"
2025-05-02T16:55:49 player: played "Summer [KSgKKSny0Qo].mp3"
2025-05-03T14:52:38 player: played "The Middle [rYPQtWOcGmQ].mp3"
2025-05-03T14:55:32 player: played "Drown (feat. Clinton Kane) [Pi85fqA5pVQ].mp3"
2025-05-03T15:00:52 player: played "Company [81oCkIJko5s].mp3"
2025-05-03T15:03:54 player: played "Starving [RbafU2k95Hg].mp3"
2025-05-03T15:07:26 player: played "Attention [vxUBYHz_q1I].mp3"
2025-05-03T15:11:22 player: played "Martin Garrix & Dean Lewis - Used To Love (Official Video) [LEh9F67Z5n8].mp3"
2025-05-03T15:14:53 player: played "Not Ok [WgmTMsL0hAA].mp3"
2025-05-03T15:18:16 player: played "Levitating (feat. DaBaby) [e8WoWk4b3D0].mp3"
2025-05-03T15:21:55 player: played "My Way [aTEa2CgmsMA].mp3"
2025-05-03T15:25:38 player: played "Summer [KSgKKSny0Qo].mp3"
2025-05-03T15:28:21 player: played "Summer Days (feat. Macklemore & Patrick Stump of Fall Out Boy) [Jw32PfEnkm0].mp3"
2025-05-03T15:32:12 player: played "Bad Habits [hJWSZDJb-W4].mp3"
2025-05-03T15:35:42 player: played "Back To You [miUhh2fKVYE].mp3"
2025-05-03T15:38:36 player: played "Eastside [74qn0eJSjpA].mp3"
2025-05-03T15:41:31 player: played "Daisy [ayu9ONkFPHk].mp3"
2025-05-03T15:46:31 player: played "Lay Me Down [SON_1EJweKk].mp3"
2025-05-03T15:49:55 player: played "Get Low [12whwKaVhZU].mp3"
2025-05-03T15:52:49 player: played "Head Down [XZogcY3aEsg].mp3"
2025-05-03T15:55:31 player: played "Healing (Shattered Heart) [GyDNgR63yvE].mp3"
2025-05-03T15:59:49 player: played "I'm Not Here To Make Friends [B0L1bd95VlI].mp3"
2025-05-03T16:03:30 player: played "It Ain't Me [OK848_DSj6k].mp3"
2025-05-03T16:06:56 player: played "Let Me Love You [rJ0D1GbDq1Q].mp3"
2025-05-03T16:09:24 player: played "Where Are You Now [-23UKjwu_10].mp3"
2025-05-03T16:12:19 player: played "Alien [7qcHUYL6JWA].mp3"
2025-05-03T16:15:56 player: played "We Don't Talk Anymore (feat. Selena Gomez) [ffqliB42Nh4].mp3"
2025-05-03T16:20:03 player: played "Waiting For Love [iR1sAex__VA].mp3"
2025-05-03T16:43:05 player: played "Thinking About You [bqpp872d9QU].mp3"
2025-05-03T16:48:29 player: played "Slide [VRAU3CtiRq8].mp3"
2025-05-03T16:53:28 player: played "Slide [VRAU3CtiRq8].mp3"
2025-05-03T17:11:37 player: played "Side To Side [psuGCpXaDMU].mp3"
2025-05-03T17:20:10 player: played "Obsessed [-QChdKLKc6c].mp3"
2025-05-03T17:23:23 player: played "Polaroid [pFRgA8TMw7I].mp3"
2025-05-03T17:27:54 player: played "Firestone [aDPkAK5s30I].mp3"
2025-05-03T17:32:11 player: played "Broken Glass [YPz5eVX-jaY].mp3"
2025-05-04T13:32:12 player: played "The Middle [rYPQtWOcGmQ].mp3"
2025-05-04T13:35:06 player: played "Drown (feat. Clinton Kane) [Pi85fqA5pVQ].mp3"
2025-05-04T13:38:34 player: played "Company [81oCkIJko5s].mp3"
2025-05-04T13:41:36 player: played "Starving [RbafU2k95Hg].mp3"
2025-05-04T13:45:07 player: played "Attention [vxUBYHz_q1I].mp3"
2025-05-04T13:49:05 player: played "Martin Garrix & Dean Lewis - Used To Love (Official Video) [LEh9F67Z5n8].mp3"
2025-05-04T13:52:35 player: played "Not Ok [WgmTMsL0hAA].mp3"
2025-05-04T13:55:58 player: played "Levitating (feat. DaBaby) [e8WoWk4b3D0].mp3"
2025-05-04T14:03:09 player: played "My Way [aTEa2CgmsMA].mp3"
2025-05-04T14:36:06 player: played "Ritual [nmlzCmic34Y].mp3"
2025-05-04T14:39:48 player: played "This Is What You Came For [inCm3ByI17o].mp3"
2025-05-04T14:43:30 player: played "Summer [KSgKKSny0Qo].mp3"
2025-05-04T14:46:14 player: played "Summer Days (feat. Macklemore & Patrick Stump of Fall Out Boy) [Jw32PfEnkm0].mp3"
2025-05-04T15:35:43 player: played "Love Me Like You Do [k3smYB3Nfqc].mp3"
2025-05-04T15:36:22 output: Failed to play on "pulse audio" (pulse): disconnected
2025-05-04T15:36:22 player: played "Bad Habits [hJWSZDJb-W4].mp3"
2025-05-04T15:40:02 player: played "Bad Habits [hJWSZDJb-W4].mp3"
2025-05-04T15:43:19 player: played "Eastside [74qn0eJSjpA].mp3"
2025-05-04T15:46:08 player: played "Daisy [ayu9ONkFPHk].mp3"
2025-05-04T15:51:03 player: played "Lay Me Down [SON_1EJweKk].mp3"
2025-05-04T15:54:22 player: played "Get Low [12whwKaVhZU].mp3"
2025-05-04T15:57:18 player: played "Head Down [XZogcY3aEsg].mp3"
2025-05-04T16:00:37 player: played "Healing (Shattered Heart) [GyDNgR63yvE].mp3"
2025-05-04T16:01:10 player: played "I'm Not Here To Make Friends [B0L1bd95VlI].mp3"
2025-05-04T18:39:08 player: played "I'm Not Here To Make Friends [B0L1bd95VlI].mp3"
2025-05-04T21:47:38 player: played "The Middle [rYPQtWOcGmQ].mp3"
2025-05-04T21:50:27 player: played "Drown (feat. Clinton Kane) [Pi85fqA5pVQ].mp3"
2025-05-04T21:53:51 player: played "Company [81oCkIJko5s].mp3"
2025-05-04T21:57:17 player: played "Attention [vxUBYHz_q1I].mp3"
2025-05-04T22:01:09 player: played "Martin Garrix & Dean Lewis - Used To Love (Official Video) [LEh9F67Z5n8].mp3"
2025-05-04T22:01:57 exception: Failed to open audio output
2025-05-04T22:04:47 player: played "My Way [aTEa2CgmsMA].mp3"
2025-05-04T23:21:51 player: played "Ritual [nmlzCmic34Y].mp3"
2025-05-05T17:25:30 player: played "Martin Garrix & Dean Lewis - Used To Love (Official Video) [LEh9F67Z5n8].mp3"
2025-05-05T17:29:04 player: played "My Way [aTEa2CgmsMA].mp3"
2025-05-05T17:32:18 player: played "Ritual [nmlzCmic34Y].mp3"
2025-05-05T17:35:55 player: played "This Is What You Came For [inCm3ByI17o].mp3"
2025-05-05T17:38:35 player: played "Summer [KSgKKSny0Qo].mp3"
2025-05-05T17:45:32 player: played "Summer [KSgKKSny0Qo].mp3"
2025-05-05T17:48:16 player: played "Summer Days (feat. Macklemore & Patrick Stump of Fall Out Boy) [Jw32PfEnkm0].mp3"
2025-05-05T17:51:49 update: added /Can't Hold Us (feat. Ray Dalton) [96L5sV7rqX0].mp3
2025-05-05T18:37:42 player: played "Daisy [ayu9ONkFPHk].mp3"
2025-05-05T18:40:54 player: played "Stressed Out [K1FlAphL2p8].mp3"
2025-05-05T18:44:16 player: played "Starlight (Keep Me Afloat) [E3zr9JPIsQg].mp3"
2025-05-05T18:49:52 player: played "Only You [awcOWsMqlnk].mp3"
2025-05-05T22:11:26 player: played "Only You [awcOWsMqlnk].mp3"
2025-05-05T22:15:44 player: played "Can't Hold Us (feat. Ray Dalton) [96L5sV7rqX0].mp3"
2025-05-05T22:21:48 player: played "Lay Me Down [SON_1EJweKk].mp3"
2025-05-06T10:08:31 player: played "Can't Hold Us (feat. Ray Dalton) [96L5sV7rqX0].mp3"
2025-05-06T10:12:52 player: played "Can't Hold Us (feat. Ray Dalton) [96L5sV7rqX0].mp3"
2025-05-06T10:16:02 player: played "Only You [awcOWsMqlnk].mp3"
2025-05-06T10:19:24 player: played "Starlight (Keep Me Afloat) [E3zr9JPIsQg].mp3"
2025-05-06T10:22:38 player: played "Eastside [74qn0eJSjpA].mp3"
2025-05-06T10:26:24 player: played "Obsessed [-QChdKLKc6c].mp3"
2025-05-06T10:29:19 player: played "Daisy [ayu9ONkFPHk].mp3"
2025-05-06T10:32:41 player: played "Stressed Out [K1FlAphL2p8].mp3"
2025-05-06T10:36:59 player: played "Can't Hold Us (feat. Ray Dalton) [96L5sV7rqX0].mp3"
2025-05-06T10:41:56 player: played "Only You [awcOWsMqlnk].mp3"
2025-05-06T10:45:19 player: played "Starlight (Keep Me Afloat) [E3zr9JPIsQg].mp3"
2025-05-06T10:47:30 update: added /Gold Skies (feat. Aleesia) [mK-joRqC7hI].mp3
2025-05-06T11:31:50 player: played "Lay Me Down [SON_1EJweKk].mp3"
2025-05-06T11:35:14 player: played "Broken Glass [YPz5eVX-jaY].mp3"
2025-05-06T11:38:54 player: played "Stay [I6etAHfECXc].mp3"
2025-05-06T11:42:18 player: played "Broken Glass [YPz5eVX-jaY].mp3"
2025-05-06T11:45:42 player: played "Get Low [12whwKaVhZU].mp3"
2025-05-06T11:55:14 player: played "Head Down [XZogcY3aEsg].mp3"
2025-05-06T11:57:56 player: played "Healing (Shattered Heart) [GyDNgR63yvE].mp3"
2025-05-06T12:17:01 player: played "I'm Not Here To Make Friends [B0L1bd95VlI].mp3"
2025-05-06T12:20:42 player: played "It Ain't Me [OK848_DSj6k].mp3"
2025-05-06T12:24:08 player: played "Let Me Love You [rJ0D1GbDq1Q].mp3"
2025-05-06T12:26:36 player: played "Where Are You Now [-23UKjwu_10].mp3"
2025-05-06T12:29:31 player: played "Alien [7qcHUYL6JWA].mp3"
2025-05-06T12:33:36 player: played "We Don't Talk Anymore (feat. Selena Gomez) [ffqliB42Nh4].mp3"
2025-05-06T12:37:17 player: played "Waiting For Love [iR1sAex__VA].mp3"
2025-05-06T23:27:24 player: played "Eastside [74qn0eJSjpA].mp3"
2025-05-06T23:31:10 player: played "Obsessed [-QChdKLKc6c].mp3"
2025-05-06T23:34:04 player: played "Daisy [ayu9ONkFPHk].mp3"
2025-05-06T23:37:27 player: played "Stressed Out [K1FlAphL2p8].mp3"
2025-05-06T23:41:45 player: played "Can't Hold Us (feat. Ray Dalton) [96L5sV7rqX0].mp3"
2025-05-07T01:30:09 player: played "Only You [awcOWsMqlnk].mp3"
2025-05-07T01:35:49 player: played "Only You [awcOWsMqlnk].mp3"
2025-05-07T19:26:24 player: played "Martin Garrix & Dean Lewis - Used To Love (Official Video) [LEh9F67Z5n8].mp3"
2025-05-07T19:30:03 player: played "My Way [aTEa2CgmsMA].mp3"
2025-05-07T19:33:22 player: played "Ritual [nmlzCmic34Y].mp3"
2025-05-07T19:37:04 player: played "This Is What You Came For [inCm3ByI17o].mp3"
2025-05-07T19:40:47 player: played "Summer [KSgKKSny0Qo].mp3"
2025-05-07T19:43:31 player: played "Summer Days (feat. Macklemore & Patrick Stump of Fall Out Boy) [Jw32PfEnkm0].mp3"
2025-05-07T19:47:44 player: played "Love Me Like You Do [k3smYB3Nfqc].mp3"
2025-05-07T19:51:35 player: played "Bad Habits [hJWSZDJb-W4].mp3"
2025-05-07T19:55:05 player: played "Back To You [miUhh2fKVYE].mp3"
2025-05-07T19:57:59 player: played "Eastside [74qn0eJSjpA].mp3"
2025-05-07T20:01:45 player: played "Obsessed [-QChdKLKc6c].mp3"
2025-05-07T20:04:40 player: played "Daisy [ayu9ONkFPHk].mp3"
2025-05-07T20:08:02 player: played "Stressed Out [K1FlAphL2p8].mp3"
2025-05-07T20:12:20 player: played "Can't Hold Us (feat. Ray Dalton) [96L5sV7rqX0].mp3"
2025-05-07T20:15:30 player: played "Only You [awcOWsMqlnk].mp3"
2025-05-07T20:18:52 player: played "Starlight (Keep Me Afloat) [E3zr9JPIsQg].mp3"
2025-05-07T20:23:52 player: played "Lay Me Down [SON_1EJweKk].mp3"
2025-05-07T20:51:28 player: played "Only You [awcOWsMqlnk].mp3"
2025-05-07T20:54:51 player: played "Starlight (Keep Me Afloat) [E3zr9JPIsQg].mp3"
2025-05-07T20:59:51 player: played "Lay Me Down [SON_1EJweKk].mp3"
2025-05-07T21:53:26 exception: No such song
2025-05-07T23:30:48 player: played "Lay Me Down [SON_1EJweKk].mp3"
2025-05-07T23:41:53 player: played "Can't Hold Us (feat. Ray Dalton) [96L5sV7rqX0].mp3"
2025-05-07T23:46:14 update: removing Where Are You Now [-23UKjwu_10].mp3
2025-05-07T23:46:14 update: removing Weightless [mEWcZc0mVFY].mp3
2025-05-07T23:46:14 update: removing We Don't Talk Anymore (feat. Selena Gomez) [ffqliB42Nh4].mp3
2025-05-07T23:46:14 update: removing Waiting For Love [iR1sAex__VA].mp3
2025-05-07T23:46:14 update: removing Under Control (Extended Mix) [XCBP-NBDvXY].mp3
2025-05-07T23:46:14 update: removing Tick Tock (feat. 24kGoldn) [fFsapeLp0n8].mp3
2025-05-07T23:46:14 update: removing This Is What You Came For [inCm3ByI17o].mp3
2025-05-07T23:46:14 update: removing Thinking About You [bqpp872d9QU].mp3
2025-05-07T23:46:14 update: removing Think Of Us [b7i0m9Dcxhw].mp3
2025-05-07T23:46:14 update: removing There's Nothing Holdin' Me Back [Ztdc7TcPdAA].mp3
2025-05-07T23:46:14 update: removing The Middle [rYPQtWOcGmQ].mp3
2025-05-07T23:46:14 update: removing Summer Days (feat. Macklemore & Patrick Stump of Fall Out Boy) [Jw32PfEnkm0].mp3
2025-05-07T23:46:14 update: removing Summer [KSgKKSny0Qo].mp3
2025-05-07T23:46:14 update: removing Stressed Out [K1FlAphL2p8].mp3
2025-05-07T23:46:14 update: removing Stay With Me [yFMwIRdPEMo].mp3
2025-05-07T23:46:14 update: removing Stay [I6etAHfECXc].mp3
2025-05-07T23:46:14 update: removing Starving [RbafU2k95Hg].mp3
2025-05-07T23:46:14 update: removing Starlight (Keep Me Afloat) [E3zr9JPIsQg].mp3
2025-05-07T23:46:14 update: removing Starboy [3_g2un5M350].mp3
2025-05-07T23:46:14 update: removing SOS [CgiPuXwhhfY].mp3
2025-05-07T23:46:14 update: removing Slide [VRAU3CtiRq8].mp3
2025-05-07T23:46:14 update: removing Side To Side [psuGCpXaDMU].mp3
2025-05-07T23:46:14 update: removing Ritual [nmlzCmic34Y].mp3
2025-05-07T23:46:14 update: removing Ride [w1Smzzw_w7Q].mp3
2025-05-07T23:46:14 update: removing Remind Me to Forget [FGSTRog9TOU].mp3
2025-05-07T23:46:14 update: removing Rather Be (feat. Jess Glynne) [dHdMAdh4Xgc].mp3
2025-05-07T23:46:14 update: removing Promises [ZrzwkZ0L_V0].mp3
2025-05-07T23:46:14 update: removing Polaroid [pFRgA8TMw7I].mp3
2025-05-07T23:46:14 update: removing Only You [awcOWsMqlnk].mp3
2025-05-07T23:46:14 update: removing Obsessed [-QChdKLKc6c].mp3
2025-05-07T23:46:14 update: removing Not Ok [WgmTMsL0hAA].mp3
2025-05-07T23:46:14 update: removing No Promises (feat. Demi Lovato) [8dwSKcSbvAU].mp3
2025-05-07T23:46:14 update: removing My Way [aTEa2CgmsMA].mp3
2025-05-07T23:46:14 update: removing Martin Garrix & Dean Lewis - Used To Love (Official Video) [LEh9F67Z5n8].mp3
2025-05-07T23:46:14 update: removing Lush Life [RG-D4bcg54s].mp3
2025-05-07T23:46:14 update: removing Love Me Like You Do [k3smYB3Nfqc].mp3
2025-05-07T23:46:14 update: removing Lost In Japan (Remix) [LHdw3ptW4fk].mp3
2025-05-07T23:46:14 update: removing Like It Is [7FmUXinTJxc].mp3
2025-05-07T23:46:14 update: removing Lighter [B2djW8yQCQk].mp3
2025-05-07T23:46:14 update: removing Levitating (feat. DaBaby) [e8WoWk4b3D0].mp3
2025-05-07T23:46:14 update: removing Let Me Love You [rJ0D1GbDq1Q].mp3
2025-05-07T23:46:14 update: removing Lay Me Down [SON_1EJweKk].mp3
2025-05-07T23:46:14 update: removing Jackie Chan [EqV8AQ6EpTg].mp3
2025-05-07T23:46:14 update: removing It Ain't Me [OK848_DSj6k].mp3
2025-05-07T23:46:14 update: removing In the Name of Love [4u4d4GWdpo8].mp3
2025-05-07T23:46:14 update: removing I'm Not Here To Make Friends [B0L1bd95VlI].mp3
2025-05-07T23:46:14 update: removing I Want You To Know [7NMrrRQqzN0].mp3
2025-05-07T23:46:14 update: removing I Feel It Coming [qPRNIHxLhmc].mp3
2025-05-07T23:46:14 update: removing Heathens [oLeROuCMwj8].mp3
2025-05-07T23:46:14 update: removing Heartbreak Anthem [t5Mu0yVGph8].mp3
2025-05-07T23:46:14 update: removing Healing (Shattered Heart) [GyDNgR63yvE].mp3
2025-05-07T23:46:14 update: removing Head Down [XZogcY3aEsg].mp3
2025-05-07T23:46:14 update: removing Happier [kfCTO9PPtVo].mp3
2025-05-07T23:46:14 update: removing Gold Skies (feat. Aleesia) [mK-joRqC7hI].mp3
2025-05-07T23:46:14 update: removing Get Low [12whwKaVhZU].mp3
2025-05-07T23:46:14 update: removing Forbidden Voices [JDJGXwZlkb0].mp3
2025-05-07T23:46:14 update: removing Firestone [aDPkAK5s30I].mp3
2025-05-07T23:46:14 update: removing Find You [0LuZsNjKIPY].mp3
2025-05-07T23:46:14 update: removing Feeling of Falling [CdfN9R9CeWg].mp3
2025-05-07T23:46:14 update: removing Eastside [74qn0eJSjpA].mp3
2025-05-07T23:46:14 update: removing Drown (feat. Clinton Kane) [Pi85fqA5pVQ].mp3
2025-05-07T23:46:14 update: removing Daisy [ayu9ONkFPHk].mp3
2025-05-07T23:46:14 update: removing Company [81oCkIJko5s].mp3
2025-05-07T23:46:14 update: removing Clarity [Lur-rvf6A1c].mp3
2025-05-07T23:46:14 update: removing Can't Hold Us (feat. Ray Dalton) [96L5sV7rqX0].mp3
2025-05-07T23:46:14 update: removing Came Here for Love [SqwYQcsNybs].mp3
2025-05-07T23:46:14 update: removing Calling (Lose My Mind) [1a-Rs5zLNZ8].mp3
2025-05-07T23:46:14 update: removing Broken Glass [YPz5eVX-jaY].mp3
2025-05-07T23:46:14 update: removing Breakaway [z91TWoeUV9Y].mp3
2025-05-07T23:46:14 update: removing Blame [70BASPcfWVQ].mp3
2025-05-07T23:46:14 update: removing Beautiful Now [67_ZA1zLlXA].mp3
2025-05-07T23:46:14 update: removing Be Kind [qGayx0PQ6J0].mp3
2025-05-07T23:46:14 update: removing Bad Habits [hJWSZDJb-W4].mp3
2025-05-07T23:46:14 update: removing Back To You [miUhh2fKVYE].mp3
2025-05-07T23:46:14 update: removing Attention [vxUBYHz_q1I].mp3
2025-05-07T23:46:14 update: removing Alien [7qcHUYL6JWA].mp3
2025-05-07T23:46:14 update: removing 2U (feat. Justin Bieber) [O5hasoAOVdY].mp3
2025-05-07T23:49:23 player: played "Only You [awcOWsMqlnk].mp3"
2025-05-07T23:50:39 update: added /Zedd, Maren Morris, Grey - The Middle.mp3
2025-05-08T00:02:33 update: added /Avicii, Tim Bergling - Lay Me Down - Avicii By Avicii.mp3
2025-05-08T00:02:33 update: added /David Guetta, Justin Bieber - 2U (feat. Justin Bieber).mp3
2025-05-08T00:04:10 update: removing Avicii, Tim Bergling - Lay Me Down - Avicii By Avicii.mp3
2025-05-08T00:07:02 exception: Failed to decode "/home/ishaan/Music/Avicii, Tim Bergling - Lay Me Down - Avicii By Avicii.mp3"; Failed to open "/home/ishaan/Music/Avicii, Tim Bergling - Lay Me Down - Avicii By Avicii.mp3": No such file or directory
2025-05-08T00:07:44 player: played "David Guetta, Justin Bieber - 2U (feat. Justin Bieber).mp3"
2025-05-08T00:07:44 player: played "Avicii, Tim Bergling - Lay Me Down - Avicii By Avicii.mp3"
2025-05-08T00:07:44 exception: Failed to decode "/home/ishaan/Music/Avicii, Tim Bergling - Lay Me Down - Avicii By Avicii.mp3"; Failed to open "/home/ishaan/Music/Avicii, Tim Bergling - Lay Me Down - Avicii By Avicii.mp3": No such file or directory
2025-05-08T00:07:44 player: played "Avicii, Tim Bergling - Lay Me Down - Avicii By Avicii.mp3"
2025-05-08T00:12:47 update: added /Avicii - Lay Me Down.mp3
2025-05-08T00:14:06 update: added /Charlie Puth - Attention.mp3
2025-05-08T00:14:53 update: added /Sabrina Carpenter, Jonas Blue - Alien.mp3
2025-05-08T00:15:44 update: added /Selena Gomez - Back To You - From 13 Reasons Why – Season 2 Soundtrack.mp3
2025-05-08T00:17:52 player: played "Avicii - Lay Me Down.mp3"
2025-05-08T00:17:56 update: added /Ed Sheeran - Bad Habits.mp3
2025-05-08T00:18:50 update: added /Marshmello, Halsey - Be Kind (with Halsey).mp3
2025-05-08T00:19:52 update: added /Zedd, Jon Bellion - Beautiful Now.mp3
2025-05-08T00:20:48 update: added /Calvin Harris, John Newman - Blame (feat. John Newman).mp3
2025-05-08T00:20:57 player: played "Zedd, Maren Morris, Grey - The Middle.mp3"
2025-05-08T00:21:31 update: added /Martin Garrix, Mesto, WILHELM - Breakaway.mp3
2025-05-08T00:22:42 update: added /Kygo, Kim Petras - Broken Glass.mp3
2025-05-08T00:23:34 update: added /Sebastian Ingrosso, Alesso, Ryan Tedder - Calling (Lose My Mind) - Radio Edit.mp3
2025-05-08T00:24:22 update: added /Sigala, Ella Eyre - Came Here for Love.mp3
2025-05-08T00:25:06 update: added /Zedd, Foxes - Clarity - Zedd Union Mix.mp3
2025-05-08T00:25:09 player: played "Selena Gomez - Back To You - From 13 Reasons Why – Season 2 Soundtrack.mp3"
2025-05-08T00:26:10 update: added /Justin Bieber - Company.mp3
2025-05-08T00:27:02 update: added /Zedd - Daisy.mp3
2025-05-08T00:27:47 update: added /Zedd, Matthew Koma, Miriam Bryant - Find You.mp3
2025-05-08T00:28:04 player: played "Sabrina Carpenter, Jonas Blue - Alien.mp3"
2025-05-08T00:28:26 update: added /Zedd, Liam Payne - Get Low (with Liam Payne).mp3
2025-05-08T00:29:15 update: added /Zedd, Griff - Inside Out (feat. Griff).mp3
2025-05-08T00:29:57 update: added /Zedd, Selena Gomez - I Want You To Know.mp3
2025-05-08T00:31:36 player: played "Charlie Puth - Attention.mp3"
2025-05-08T00:31:51 update: added /Zedd, Alessia Cara - Stay.mp3
2025-05-08T00:32:57 update: added /Hailee Steinfeld, Grey, Zedd - Starving.mp3
2025-05-08T00:32:57 update: removing Zedd, Foxes - Clarity - Zedd Union Mix.mp3
2025-05-08T00:34:06 update: added /Zedd, Foxes - Clarity.mp3
2025-05-08T00:34:56 update: added /Calvin Harris - My Way.mp3
2025-05-08T00:35:55 update: added /Calvin Harris, Rihanna - This Is What You Came For.mp3
2025-05-08T00:36:38 player: played "Zedd, Griff - Inside Out (feat. Griff).mp3"
2025-05-08T00:36:50 update: added /Zedd, Jasmine Thompson - Funny.mp3
2025-05-08T00:38:19 update: added /Calvin Harris, Sam Smith, Jessie Reyez - Promises (with Sam Smith).mp3
2025-05-08T00:39:17 update: added /Sam Smith, Calvin Harris, Jessie Reyez - I'm Not Here To Make Friends.mp3
2025-05-08T00:40:23 update: added /Calvin Harris, Charlie Puth, Shenseea - Obsessed (with Charlie Puth & Shenseea).mp3
2025-05-08T00:40:53 player: played "Zedd, Selena Gomez - I Want You To Know.mp3"
2025-05-08T00:41:05 update: added /Calvin Harris, Frank Ocean, Migos - Slide (feat. Frank Ocean & Migos).mp3
2025-05-08T00:41:54 update: added /Calvin Harris, Justin Timberlake, Halsey, Pharrell Williams - Stay With Me (with Justin Timberlake, Halsey, & Pharrell).mp3
2025-05-08T00:42:31 update: added /Calvin Harris - Summer.mp3
2025-05-08T00:42:40 update: updating /Calvin Harris - Summer.mp3
2025-05-08T00:43:23 update: added /Calvin Harris, Ellie Goulding - Outside (feat. Ellie Goulding).mp3
2025-05-08T00:44:02 update: added /Calvin Harris, Alesso, Hurts - Under Control (feat. Hurts).mp3
2025-05-08T00:44:17 player: played "Zedd, Matthew Koma, Miriam Bryant - Find You.mp3"
2025-05-08T00:44:53 update: added /Rihanna, Calvin Harris - We Found Love.mp3
2025-05-08T00:47:15 update: added /Calvin Harris, Dua Lipa - One Kiss (with Dua Lipa).mp3
2025-05-08T00:47:56 update: added /Calvin Harris, Rag'n'Bone Man - Giant (with Rag'n'Bone Man).mp3
2025-05-08T00:48:48 update: added /Martin Garrix, Clinton Kane - Drown (feat. Clinton Kane).mp3
2025-05-08T00:49:34 update: added /Martin Garrix - Forbidden Voices.mp3
2025-05-08T00:50:23 update: added /Martin Garrix, Bebe Rexha - In the Name of Love.mp3
2025-05-08T00:50:36 player: played "Avicii - Lay Me Down.mp3"
2025-05-08T00:51:19 update: added /Martin Garrix, Dua Lipa - Scared to Be Lonely.mp3
2025-05-08T00:52:52 update: added /Martin Garrix, David Guetta, Jamie Scott, Romy Dya - So Far Away (feat. Jamie Scott & Romy Dya).mp3
2025-05-08T00:53:40 update: added /Shawn Mendes, Zedd - Lost In Japan - Remix.mp3
2025-05-08T00:54:00 player: played "Zedd, Griff - Inside Out (feat. Griff).mp3"
2025-05-08T00:54:33 update: added /Martin Garrix, Dean Lewis - Used To Love (with Dean Lewis).mp3
2025-05-08T00:56:14 update: added /Sander van Doorn, Martin Garrix, DVBBS, Aleesia - Gold Skies (feat. Aleesia).mp3
2025-05-08T00:57:00 update: added /Martin Garrix, DubVision, Shaun Farrugia - Starlight (Keep Me Afloat).mp3
2025-05-08T00:57:50 player: played "Zedd - Daisy.mp3"
2025-05-08T00:58:02 update: added /Martin Garrix, Macklemore, Fall Out Boy - Summer Days (feat. Macklemore & Patrick Stump of Fall Out Boy).mp3
2025-05-08T00:59:03 update: added /Marconi Union - Weightless.mp3
2025-05-08T01:00:35 update: added /benny blanco, Halsey, Khalid - Eastside (with Halsey & Khalid).mp3
2025-05-08T01:01:32 update: added /Cheat Codes, Kim Petras - Feeling of Falling.mp3
2025-05-08T01:02:20 update: added /Cheat Codes, Demi Lovato - No Promises (feat. Demi Lovato).mp3
2025-05-08T01:03:10 update: added /Kygo, Conrad Sewell - Firestone.mp3
2025-05-08T01:03:54 update: added /Kygo, Selena Gomez - It Ain't Me (with Selena Gomez).mp3
2025-05-08T01:04:38 update: added /Marvin Gaye, Kygo - Sexual Healing - Kygo Remix.mp3
2025-05-08T01:05:41 update: added /Kygo, Parson James - Stole the Show.mp3
2025-05-08T01:06:20 update: added /Kygo, Zara Larsson, Tyga - Like It Is.mp3
2025-05-08T01:07:03 update: added /Kygo, Chelsea Cutler - Not Ok.mp3
2025-05-08T01:07:47 update: added /Kygo, Miguel - Remind Me to Forget.mp3
2025-05-08T01:08:58 update: added /Lost Frequencies, Bastille, Suark - Head Down - Lost Frequencies & SUARK Deluxe Mix.mp3
2025-05-08T01:09:41 update: added /Lost Frequencies, Calum Scott - Where Are You Now.mp3
2025-05-08T01:11:09 update: added /Marshmello, Bastille - Happier.mp3
2025-05-08T01:12:31 update: added /Fuerza Regida, Marshmello - HARLEY QUINN.mp3
2025-05-08T01:13:13 update: added /Marshmello, Anne-Marie - FRIENDS.mp3
2025-05-08T01:15:39 update: added /Galantis, David Guetta, Little Mix - Heartbreak Anthem (with David Guetta & Little Mix).mp3
2025-05-08T01:17:49 update: added /Galantis, David Guetta, 5 Seconds of Summer - Lighter.mp3
2025-05-08T01:19:36 update: added /Galantis - No Money.mp3
2025-05-08T01:21:24 update: added /Galantis - Runaway (U & I).mp3
2025-05-08T01:22:56 update: added /Twenty One Pilots - Heathens.mp3
2025-05-08T01:23:39 update: added /Twenty One Pilots - Ride.mp3
2025-05-08T01:24:24 update: added /Twenty One Pilots - Stressed Out.mp3
2025-05-08T01:25:38 update: added /The Weeknd, Daft Punk - I Feel It Coming.mp3
2025-05-08T01:26:19 update: added /The Weeknd, Daft Punk - Starboy.mp3
2025-05-08T01:27:09 update: added /Tiësto, Dzeko, Preme, Post Malone - Jackie Chan.mp3
2025-05-08T01:27:54 update: added /Tiësto, Jonas Blue, Rita Ora - Ritual.mp3
2025-05-08T01:28:57 update: added /Martin Garrix, Arijit Singh - Weightless.mp3
2025-05-08T01:28:57 update: removing Marconi Union - Weightless.mp3
2025-05-08T01:28:57 update: removing Marvin Gaye, Kygo - Sexual Healing - Kygo Remix.mp3
2025-05-08T01:30:00 update: added /Tiësto, Tate McRae - 10-35.mp3
2025-05-08T01:30:47 update: added /KAROL G, Tiësto - CONTIGO (with Tiësto).mp3
2025-05-08T01:32:06 update: added /DJ Snake, Justin Bieber - Let Me Love You.mp3
2025-05-08T01:32:59 update: added /DJ Snake, Selena Gomez, Ozuna, Cardi B - Taki Taki (with Selena Gomez, Ozuna & Cardi B).mp3
2025-05-08T01:33:52 update: added /Zara Larsson - Lush Life.mp3
2025-05-08T01:35:29 update: added /Zara Larsson - You Love Who You Love.mp3
2025-05-08T01:36:31 update: removing Lost Frequencies, Bastille, Suark - Head Down - Lost Frequencies & SUARK Deluxe Mix.mp3
2025-05-08T01:37:37 update: added /Lost Frequencies, Bastille - Head Down.mp3
2025-05-08T01:38:15 update: added /Zara Larsson - Ain't My Fault.mp3
2025-05-08T01:39:08 update: added /Cheat Codes, Little Mix - Only You (with Little Mix).mp3
2025-05-08T01:40:28 update: added /Jonas Blue, Liam Payne, Lennon Stella - Polaroid.mp3
2025-05-08T01:41:19 update: added /Clean Bandit, Jess Glynne - Rather Be (feat. Jess Glynne).mp3
2025-05-08T01:42:05 update: added /Clean Bandit, Mabel, 24kGoldn - Tick Tock (feat. 24kGoldn).mp3
2025-05-08T01:43:02 update: added /Charlie Puth, Selena Gomez - We Don't Talk Anymore (feat. Selena Gomez).mp3
2025-05-08T02:01:37 player: played "Calvin Harris - My Way.mp3"
2025-05-08T11:16:41 update: added /Dua Lipa, DaBaby - Levitating (feat. DaBaby).mp3
2025-05-08T11:16:41 update: added /Zedd, Hayley Williams - Stay The Night - Featuring Hayley Williams Of Paramore.mp3
2025-05-08T11:20:16 player: played "Zedd, Griff - Inside Out (feat. Griff).mp3"
2025-05-08T11:25:36 player: played "Avicii - Lay Me Down.mp3"
2025-05-08T11:28:40 player: played "Zedd, Maren Morris, Grey - The Middle.mp3"
2025-05-08T11:31:55 player: played "David Guetta, Justin Bieber - 2U (feat. Justin Bieber).mp3"
2025-05-08T11:35:23 player: played "Selena Gomez - Back To You - From 13 Reasons Why – Season 2 Soundtrack.mp3"
2025-05-08T11:38:55 player: played "Charlie Puth - Attention.mp3"
2025-05-08T11:42:01 player: played "Zedd, Griff - Inside Out (feat. Griff).mp3"
2025-05-08T11:44:55 player: played "Zedd - Daisy.mp3"
2025-05-08T11:48:34 player: played "Calvin Harris - My Way.mp3"
2025-05-08T11:51:58 player: played "Kygo, Kim Petras - Broken Glass.mp3"
2025-05-08T11:55:23 player: played "Zedd, Matthew Koma, Miriam Bryant - Find You.mp3"
2025-05-08T12:00:01 player: played "Tiësto, Tate McRae - 10-35.mp3"
2025-05-08T12:03:15 player: played "Jonas Blue, Liam Payne, Lennon Stella - Polaroid.mp3"
2025-05-08T12:07:46 player: played "Kygo, Conrad Sewell - Firestone.mp3"
2025-05-08T12:10:40 player: played "Martin Garrix, Clinton Kane - Drown (feat. Clinton Kane).mp3"
2025-05-08T12:13:53 player: played "KAROL G, Tiësto - CONTIGO (with Tiësto).mp3"
2025-05-08T12:23:02 player: played "Jonas Blue, Liam Payne, Lennon Stella - Polaroid.mp3"
2025-05-08T13:19:44 player: played "Zedd, Griff - Inside Out (feat. Griff).mp3"
2025-05-08T13:22:39 player: played "Zedd - Daisy.mp3"
2025-05-08T13:26:18 player: played "Calvin Harris - My Way.mp3"
2025-05-08T13:29:42 player: played "Kygo, Kim Petras - Broken Glass.mp3"
2025-05-08T13:33:06 player: played "Zedd, Matthew Koma, Miriam Bryant - Find You.mp3"
2025-05-08T13:35:58 player: played "Tiësto, Tate McRae - 10-35.mp3"
2025-05-08T13:39:12 player: played "Jonas Blue, Liam Payne, Lennon Stella - Polaroid.mp3"
2025-05-08T13:46:32 player: played "Martin Garrix, Clinton Kane - Drown (feat. Clinton Kane).mp3"
2025-05-08T13:49:45 player: played "KAROL G, Tiësto - CONTIGO (with Tiësto).mp3"
2025-05-08T13:52:39 player: played "benny blanco, Halsey, Khalid - Eastside (with Halsey & Khalid).mp3"
2025-05-08T13:56:25 player: played "Calvin Harris, Charlie Puth, Shenseea - Obsessed (with Charlie Puth & Shenseea).mp3"
2025-05-08T14:00:15 player: played "Calvin Harris, Rag'n'Bone Man - Giant (with Rag'n'Bone Man).mp3"
2025-05-08T14:04:04 player: played "Sam Smith, Calvin Harris, Jessie Reyez - I'm Not Here To Make Friends.mp3"
2025-05-08T14:06:58 player: played "Lost Frequencies, Bastille - Head Down.mp3"
2025-05-08T14:07:43 player: played "Calvin Harris - Summer.mp3"
2025-05-08T14:12:53 player: played "Avicii - Lay Me Down.mp3"
2025-05-08T14:16:00 player: played "Zedd, Griff - Inside Out (feat. Griff).mp3"
2025-05-08T14:18:54 player: played "Zedd - Daisy.mp3"
2025-05-08T15:24:00 update: removing Kygo, Selena Gomez - It Ain't Me (with Selena Gomez).mp3
2025-05-08T15:24:30 update: added /Kygo, Selena Gomez - It Ain't Me (with Selena Gomez).mp3
2025-05-08T15:27:58 player: played "Kygo, Kim Petras - Broken Glass.mp3"
2025-05-08T15:31:19 player: played "Kygo, Selena Gomez - It Ain't Me (with Selena Gomez).mp3"
2025-05-08T15:31:20 update: removing Kygo, Selena Gomez - It Ain't Me (with Selena Gomez).mp3
2025-05-08T20:09:47 player: played "Zedd, Maren Morris, Grey - The Middle.mp3"
2025-05-08T20:11:11 player: played "David Guetta, Justin Bieber - 2U (feat. Justin Bieber).mp3"
2025-05-08T20:16:15 player: played "Avicii - Lay Me Down.mp3"
2025-05-08T20:19:21 player: played "Zedd, Griff - Inside Out (feat. Griff).mp3"
2025-05-08T20:22:16 player: played "Zedd - Daisy.mp3"
2025-05-08T20:25:55 player: played "Calvin Harris - My Way.mp3"
2025-05-08T21:14:35 update: added /proper_song.mp3
2025-05-08T21:19:58 player: played "proper_song.mp3"
2025-05-08T21:20:55 update: added /It Ain't Me.mp3
2025-05-08T21:21:40 update: removing proper_song.mp3
2025-05-08T21:23:22 player: played "Zedd, Matthew Koma, Miriam Bryant - Find You.mp3"
2025-05-08T21:24:33 update: added /Kygo, Selena Gomez-It Ain't Me.mp3
2025-05-08T21:24:33 update: removing It Ain't Me.mp3
2025-05-08T21:26:15 player: played "Tiësto, Tate McRae - 10-35.mp3"
2025-05-08T21:32:28 player: played "Kygo, Selena Gomez-It Ain't Me.mp3"
2025-05-08T21:37:00 player: played "Kygo, Conrad Sewell - Firestone.mp3"
2025-05-08T21:37:49 update: added /Kygo,\ Selena\ Gomez,\ -\ It\ Ain't\ Me.mp3
2025-05-08T21:38:56 update: removing Kygo, Selena Gomez-It Ain't Me.mp3
2025-05-08T21:40:05 update: removing Kygo,\ Selena\ Gomez,\ -\ It\ Ain't\ Me.mp3
2025-05-08T21:40:48 update: added /Kygo, Selena Gomez-It Ain't Me.mp3
2025-05-08T21:44:50 player: played "Martin Garrix, DubVision, Shaun Farrugia - Starlight (Keep Me Afloat).mp3"
2025-05-08T21:48:03 player: played "KAROL G, Tiësto - CONTIGO (with Tiësto).mp3"
2025-05-08T22:18:04 player: played "benny blanco, Halsey, Khalid - Eastside (with Halsey & Khalid).mp3"
2025-05-08T22:23:34 player: played "Sander van Doorn, Martin Garrix, DVBBS, Aleesia - Gold Skies (feat. Aleesia).mp3"
2025-05-08T22:26:57 player: played "Kygo, Kim Petras - Broken Glass.mp3"
2025-05-08T22:30:02 player: played "Zedd, Maren Morris, Grey - The Middle.mp3"
2025-05-08T22:35:02 player: played "Avicii - Lay Me Down.mp3"
2025-05-08T22:38:25 player: played "Martin Garrix, DubVision, Shaun Farrugia - Starlight (Keep Me Afloat).mp3"
2025-05-08T22:41:19 player: played "Zedd - Daisy.mp3"
2025-05-08T22:44:58 player: played "Calvin Harris - My Way.mp3"
2025-05-08T22:48:41 player: played "Martin Garrix, Arijit Singh - Weightless.mp3"
2025-05-08T22:52:19 player: played "Zedd, Hayley Williams - Stay The Night - Featuring Hayley Williams Of Paramore.mp3"
2025-05-08T22:55:32 player: played "Jonas Blue, Liam Payne, Lennon Stella - Polaroid.mp3"
2025-05-08T22:59:18 player: played "Calvin Harris, Charlie Puth, Shenseea - Obsessed (with Charlie Puth & Shenseea).mp3"
2025-05-08T23:03:08 player: played "Sam Smith, Calvin Harris, Jessie Reyez - I'm Not Here To Make Friends.mp3"
2025-05-08T23:06:57 player: played "Calvin Harris, Rag'n'Bone Man - Giant (with Rag'n'Bone Man).mp3"
2025-05-08T23:09:51 player: played "Lost Frequencies, Bastille - Head Down.mp3"
2025-05-08T23:13:34 player: played "Calvin Harris - Summer.mp3"
2025-05-08T23:17:04 player: played "Kygo, Chelsea Cutler - Not Ok.mp3"
2025-05-08T23:20:38 player: played "Calvin Harris, Sam Smith, Jessie Reyez - Promises (with Sam Smith).mp3"
2025-05-08T23:24:29 player: played "Calvin Harris, Frank Ocean, Migos - Slide (feat. Frank Ocean & Migos).mp3"
2025-05-08T23:28:16 player: played "Clean Bandit, Jess Glynne - Rather Be (feat. Jess Glynne).mp3"
2025-05-08T23:31:39 player: played "Martin Garrix, DubVision, Shaun Farrugia - Starlight (Keep Me Afloat).mp3"
2025-05-08T23:35:36 player: played "Martin Garrix, Dean Lewis - Used To Love (with Dean Lewis).mp3"
2025-05-09T01:41:42 player: played "Kygo, Selena Gomez-It Ain't Me.mp3"
2025-05-09T11:43:11 player: played "Zedd, Griff - Inside Out (feat. Griff).mp3"
2025-05-09T11:48:03 update: added /Avicii, Sandro Cavazza - Without You (feat. Sandro Cavazza).mp3
2025-05-09T11:48:15 player: played "Zedd, Griff - Inside Out (feat. Griff).mp3"
2025-05-09T11:51:06 update: added /Avicii, Rita Ora - Lonely Together (feat. Rita Ora).mp3
2025-05-09T11:51:39 player: played "Zedd, Matthew Koma, Miriam Bryant - Find You.mp3"
2025-05-09T11:51:43 update: added /Avicii, Vargas & Lagola - Friend Of Mine (feat. Vargas & Lagola).mp3
2025-05-09T11:53:00 update: added /Avicii - Hey Brother.mp3
2025-05-09T11:53:34 update: added /Avicii - Levels - Radio Edit.mp3
2025-05-09T11:54:31 player: played "Tiësto, Tate McRae - 10-35.mp3"
2025-05-09T11:54:59 update: added /Avicii - Wake Me Up.mp3
2025-05-09T11:56:00 update: added /Avicii - Waiting For Love.mp3
2025-05-09T11:56:40 update: added /Do you know Calliandra, Aspen - The Night By Avicii - Slowed+Reverb.mp3
2025-05-09T11:58:34 update: added /Avicii - The Nights.mp3
2025-05-09T11:59:15 update: added /Avicii, Bonn - Freak (feat. Bonn).mp3
2025-05-09T11:59:36 player: played "Kygo, Conrad Sewell - Firestone.mp3"
2025-05-09T12:00:29 update: added /Avicii, Bonn - Ain't A Thing (feat. Bonn).mp3
2025-05-09T12:02:00 update: added /Avicii - Sunset Jesus.mp3
2025-05-09T12:02:30 player: played "Martin Garrix, Clinton Kane - Drown (feat. Clinton Kane).mp3"
2025-05-09T12:02:46 update: added /Avicii - True Believer.mp3
2025-05-09T12:04:20 update: added /Avicii, Tim Bergling - You Make Me - Avicii By Avicii.mp3
2025-05-09T12:05:14 update: removing Avicii, Tim Bergling - You Make Me - Avicii By Avicii.mp3
2025-05-09T12:06:50 update: added /Avicii - You Make Me.mp3
2025-05-09T12:06:59 player: played "Avicii, Tim Bergling - You Make Me - Avicii By Avicii.mp3"
2025-05-09T12:11:55 player: played "Avicii - Sunset Jesus.mp3"
2025-05-09T12:44:50 player: played "Kygo, Kim Petras - Broken Glass.mp3"
2025-05-09T12:47:53 player: played "Kygo, Kim Petras - Broken Glass.mp3"
2025-05-09T12:52:53 player: played "Avicii - Lay Me Down.mp3"
2025-05-09T12:56:16 player: played "Martin Garrix, DubVision, Shaun Farrugia - Starlight (Keep Me Afloat).mp3"
2025-05-09T13:18:32 player: played "Zedd - Daisy.mp3"
2025-05-09T13:22:11 player: played "Calvin Harris - My Way.mp3"
2025-05-09T13:25:54 player: played "Martin Garrix, Arijit Singh - Weightless.mp3"
2025-05-09T13:29:31 player: played "Zedd, Hayley Williams - Stay The Night - Featuring Hayley Williams Of Paramore.mp3"
2025-05-09T13:32:44 player: played "Jonas Blue, Liam Payne, Lennon Stella - Polaroid.mp3"
2025-05-09T13:36:31 player: played "Calvin Harris, Charlie Puth, Shenseea - Obsessed (with Charlie Puth & Shenseea).mp3"
2025-05-09T13:40:21 player: played "Sam Smith, Calvin Harris, Jessie Reyez - I'm Not Here To Make Friends.mp3"
2025-05-09T13:48:15 player: played "Calvin Harris, Rag'n'Bone Man - Giant (with Rag'n'Bone Man).mp3"
2025-05-10T01:20:30 player: played "Calvin Harris, Rag'n'Bone Man - Giant (with Rag'n'Bone Man).mp3"
2025-05-11T09:48:56 update: removing Avicii, Vargas & Lagola - Friend Of Mine (feat. Vargas & Lagola).mp3
2025-05-11T09:48:56 update: removing Sabrina Carpenter, Jonas Blue - Alien.mp3
2025-05-11T09:48:56 update: removing David Guetta, Justin Bieber - 2U (feat. Justin Bieber).mp3
2025-05-11T09:48:56 update: removing Tiësto, Tate McRae - 10-35.mp3
2025-05-11T09:48:56 update: removing Ed Sheeran - Bad Habits.mp3
2025-05-11T09:48:56 update: removing Lost Frequencies, Calum Scott - Where Are You Now.mp3
2025-05-11T09:48:56 update: removing Martin Garrix, Arijit Singh - Weightless.mp3
2025-05-11T09:48:56 update: removing Charlie Puth - Attention.mp3
2025-05-11T09:48:56 update: removing Zara Larsson - You Love Who You Love.mp3
2025-05-11T09:48:56 update: removing Martin Garrix, Dean Lewis - Used To Love (with Dean Lewis).mp3
2025-05-11T09:48:56 update: removing Zedd - Daisy.mp3
2025-05-11T09:48:56 update: removing Zedd, Jon Bellion - Beautiful Now.mp3
2025-05-11T09:48:56 update: removing Zedd, Selena Gomez - I Want You To Know.mp3
2025-05-11T09:48:56 update: removing Avicii - Lay Me Down.mp3
2025-05-11T09:48:56 update: removing Avicii - Hey Brother.mp3
2025-05-11T09:48:56 update: removing Avicii - You Make Me.mp3
2025-05-11T09:48:56 update: removing Avicii - Wake Me Up.mp3
2025-05-11T09:48:56 update: removing Avicii, Bonn - Freak (feat. Bonn).mp3
2025-05-11T09:48:56 update: removing Avicii, Bonn - Ain't A Thing (feat. Bonn).mp3
2025-05-11T09:48:56 update: removing Clean Bandit, Mabel, 24kGoldn - Tick Tock (feat. 24kGoldn).mp3
2025-05-11T09:48:56 update: removing Calvin Harris, Rihanna - This Is What You Came For.mp3
2025-05-11T09:48:56 update: removing Do you know Calliandra, Aspen - The Night By Avicii - Slowed+Reverb.mp3
2025-05-11T09:48:56 update: removing Zedd, Maren Morris, Grey - The Middle.mp3
2025-05-11T09:48:56 update: removing Tiësto, Jonas Blue, Rita Ora - Ritual.mp3
2025-05-11T09:48:56 update: removing Avicii - The Nights.mp3
2025-05-11T09:48:56 update: removing Galantis - No Money.mp3
2025-05-11T09:48:56 update: removing Rihanna, Calvin Harris - We Found Love.mp3
2025-05-11T09:48:56 update: removing DJ Snake, Selena Gomez, Ozuna, Cardi B - Taki Taki (with Selena Gomez, Ozuna & Cardi B).mp3
2025-05-11T09:48:56 update: removing Martin Garrix, Macklemore, Fall Out Boy - Summer Days (feat. Macklemore & Patrick Stump of Fall Out Boy).mp3
2025-05-11T09:48:56 update: removing Avicii - Sunset Jesus.mp3
2025-05-11T09:48:56 update: removing Avicii - True Believer.mp3
2025-05-11T09:48:56 update: removing Avicii - Waiting For Love.mp3
2025-05-11T09:48:56 update: removing Calvin Harris, Justin Timberlake, Halsey, Pharrell Williams - Stay With Me (with Justin Timberlake, Halsey, & Pharrell).mp3
2025-05-11T09:48:56 update: removing Zedd, Alessia Cara - Stay.mp3
2025-05-11T09:48:56 update: removing Hailee Steinfeld, Grey, Zedd - Starving.mp3
2025-05-11T09:48:56 update: removing Martin Garrix, DubVision, Shaun Farrugia - Starlight (Keep Me Afloat).mp3
2025-05-11T09:48:56 update: removing Kygo, Selena Gomez-It Ain't Me.mp3
2025-05-11T09:48:56 update: removing The Weeknd, Daft Punk - I Feel It Coming.mp3
2025-05-11T09:48:56 update: removing The Weeknd, Daft Punk - Starboy.mp3
2025-05-11T09:48:56 update: removing Marshmello, Anne-Marie - FRIENDS.mp3
2025-05-11T09:48:56 update: removing Zara Larsson - Ain't My Fault.mp3
2025-05-11T09:48:56 update: removing Zara Larsson - Lush Life.mp3
2025-05-11T09:48:56 update: removing Martin Garrix, David Guetta, Jamie Scott, Romy Dya - So Far Away (feat. Jamie Scott & Romy Dya).mp3
2025-05-11T09:48:56 update: removing Calvin Harris, Frank Ocean, Migos - Slide (feat. Frank Ocean & Migos).mp3
2025-05-11T09:48:56 update: removing Martin Garrix, Dua Lipa - Scared to Be Lonely.mp3
2025-05-11T09:48:56 update: removing Clean Bandit, Jess Glynne - Rather Be (feat. Jess Glynne).mp3
2025-05-11T09:48:56 update: removing Justin Bieber - Company.mp3
2025-05-11T09:48:56 update: removing Calvin Harris, Sam Smith, Jessie Reyez - Promises (with Sam Smith).mp3
2025-05-11T09:48:56 update: removing Galantis - Runaway (U & I).mp3
2025-05-11T09:48:56 update: removing Fuerza Regida, Marshmello - HARLEY QUINN.mp3
2025-05-11T09:48:56 update: removing Cheat Codes, Little Mix - Only You (with Little Mix).mp3
2025-05-11T09:48:56 update: removing Calvin Harris, Dua Lipa - One Kiss (with Dua Lipa).mp3
2025-05-11T09:48:56 update: removing Kygo, Chelsea Cutler - Not Ok.mp3
2025-05-11T09:48:56 update: removing Cheat Codes, Demi Lovato - No Promises (feat. Demi Lovato).mp3
2025-05-11T09:48:56 update: removing Charlie Puth, Selena Gomez - We Don't Talk Anymore (feat. Selena Gomez).mp3
2025-05-11T09:48:56 update: removing Calvin Harris - My Way.mp3
2025-05-11T09:48:56 update: removing Calvin Harris - Summer.mp3
2025-05-11T09:48:56 update: removing Calvin Harris, Ellie Goulding - Outside (feat. Ellie Goulding).mp3
2025-05-11T09:48:56 update: removing Calvin Harris, John Newman - Blame (feat. John Newman).mp3
2025-05-11T09:48:56 update: removing Calvin Harris, Alesso, Hurts - Under Control (feat. Hurts).mp3
2025-05-11T09:48:56 update: removing Shawn Mendes, Zedd - Lost In Japan - Remix.mp3
2025-05-11T09:48:56 update: removing Kygo, Zara Larsson, Tyga - Like It Is.mp3
2025-05-11T09:48:56 update: removing Galantis, David Guetta, 5 Seconds of Summer - Lighter.mp3
2025-05-11T09:48:56 update: removing Avicii - Levels - Radio Edit.mp3
2025-05-11T09:48:56 update: removing Kygo, Miguel - Remind Me to Forget.mp3
2025-05-11T09:48:56 update: removing Tiësto, Dzeko, Preme, Post Malone - Jackie Chan.mp3
2025-05-11T09:48:56 update: removing Zedd, Griff - Inside Out (feat. Griff).mp3
2025-05-11T09:48:56 update: removing Martin Garrix, Bebe Rexha - In the Name of Love.mp3
2025-05-11T09:48:56 update: removing Twenty One Pilots - Heathens.mp3
2025-05-11T09:48:56 update: removing Galantis, David Guetta, Little Mix - Heartbreak Anthem (with David Guetta & Little Mix).mp3
2025-05-11T09:48:56 update: removing Lost Frequencies, Bastille - Head Down.mp3
2025-05-11T09:48:56 update: removing Marshmello, Bastille - Happier.mp3
2025-05-11T09:48:56 update: removing Kygo, Kim Petras - Broken Glass.mp3
2025-05-11T09:48:56 update: removing Sander van Doorn, Martin Garrix, DVBBS, Aleesia - Gold Skies (feat. Aleesia).mp3
2025-05-11T09:48:56 update: removing Sam Smith, Calvin Harris, Jessie Reyez - I'm Not Here To Make Friends.mp3
2025-05-11T09:48:56 update: removing Calvin Harris, Rag'n'Bone Man - Giant (with Rag'n'Bone Man).mp3
2025-05-11T09:48:56 update: removing Zedd, Liam Payne - Get Low (with Liam Payne).mp3
2025-05-11T09:48:56 update: removing Dua Lipa, DaBaby - Levitating (feat. DaBaby).mp3
2025-05-11T09:48:56 update: removing Zedd, Jasmine Thompson - Funny.mp3
2025-05-11T09:48:56 update: removing Calvin Harris, Charlie Puth, Shenseea - Obsessed (with Charlie Puth & Shenseea).mp3
2025-05-11T09:48:56 update: removing Martin Garrix - Forbidden Voices.mp3
2025-05-11T09:48:56 update: removing Cheat Codes, Kim Petras - Feeling of Falling.mp3
2025-05-11T09:48:56 update: removing DJ Snake, Justin Bieber - Let Me Love You.mp3
2025-05-11T09:48:56 update: removing benny blanco, Halsey, Khalid - Eastside (with Halsey & Khalid).mp3
2025-05-11T09:48:56 update: removing Martin Garrix, Clinton Kane - Drown (feat. Clinton Kane).mp3
2025-05-11T09:48:56 update: removing KAROL G, Tiësto - CONTIGO (with Tiësto).mp3
2025-05-11T09:48:56 update: removing Kygo, Conrad Sewell - Firestone.mp3
2025-05-11T09:48:56 update: removing Kygo, Parson James - Stole the Show.mp3
2025-05-11T09:48:56 update: removing Zedd, Matthew Koma, Miriam Bryant - Find You.mp3
2025-05-11T09:48:56 update: removing Zedd, Hayley Williams - Stay The Night - Featuring Hayley Williams Of Paramore.mp3
2025-05-11T09:48:56 update: removing Zedd, Foxes - Clarity.mp3
2025-05-11T09:48:56 update: removing Sigala, Ella Eyre - Came Here for Love.mp3
2025-05-11T09:48:56 update: removing Sebastian Ingrosso, Alesso, Ryan Tedder - Calling (Lose My Mind) - Radio Edit.mp3
2025-05-11T09:48:56 update: removing Martin Garrix, Mesto, WILHELM - Breakaway.mp3
2025-05-11T09:48:56 update: removing Twenty One Pilots - Ride.mp3
2025-05-11T09:48:56 update: removing Twenty One Pilots - Stressed Out.mp3
2025-05-11T09:48:56 update: removing Jonas Blue, Liam Payne, Lennon Stella - Polaroid.mp3
2025-05-11T09:48:56 update: removing Marshmello, Halsey - Be Kind (with Halsey).mp3
2025-05-11T09:48:56 update: removing Selena Gomez - Back To You - From 13 Reasons Why – Season 2 Soundtrack.mp3
2025-05-11T09:48:56 update: removing Avicii, Sandro Cavazza - Without You (feat. Sandro Cavazza).mp3
2025-05-11T09:48:56 update: removing Avicii, Rita Ora - Lonely Together (feat. Rita Ora).mp3
2025-05-11T09:52:49 update: added /Zedd, Maren Morris, Grey - The Middle.flac
2025-05-11T09:54:37 update: added /Zedd, Griff - Inside Out (feat. Griff).flac
2025-05-11T09:55:50 player: played "Calvin Harris, Rag'n'Bone Man - Giant (with Rag'n'Bone Man).mp3"
2025-05-11T09:55:58 update: added /Zedd, Jon Bellion - Beautiful Now.flac
2025-05-11T09:56:56 update: added /Zedd, Foxes - Clarity.flac
2025-05-11T09:59:43 update: added /Zedd - Daisy.flac
2025-05-11T10:00:32 update: added /Zedd, Matthew Koma, Miriam Bryant - Find You.flac
2025-05-11T10:01:07 update: added /Zedd, Jasmine Thompson - Funny.flac
2025-05-11T10:01:50 update: added /Zedd, Liam Payne - Get Low (with Liam Payne).flac
2025-05-11T10:02:40 update: added /Zedd, Selena Gomez - I Want You To Know.flac
2025-05-11T10:02:41 player: played "Zedd, Foxes - Clarity.flac"
2025-05-11T10:03:21 update: added /Zedd, Troye Sivan - Papercut.flac
2025-05-11T10:03:57 update: added /Shawn Mendes, Zedd - Lost In Japan - Remix.flac
2025-05-11T10:04:33 update: added /Zedd, Alessia Cara - Stay.flac
2025-05-11T10:05:17 update: added /Martin Garrix, Zedd - Follow.flac
2025-05-11T10:05:47 player: played "Zedd, Griff - Inside Out (feat. Griff).flac"
2025-05-11T10:06:08 update: added /Martin Garrix, Mesto, WILHELM - Breakaway.flac
2025-05-11T10:06:44 update: added /Martin Garrix, Clinton Kane - Drown (feat. Clinton Kane).flac
2025-05-11T10:07:40 update: added /Martin Garrix - Forbidden Voices.flac
2025-05-11T10:08:19 update: added /Sander van Doorn, Martin Garrix, DVBBS, Aleesia - Gold Skies (feat. Aleesia).flac
2025-05-11T10:08:52 player: played "Zedd, Maren Morris, Grey - The Middle.flac"
2025-05-11T10:09:22 update: added /Martin Garrix, Bebe Rexha - In the Name of Love.flac
2025-05-11T10:10:20 update: added /Martin Garrix, David Guetta, Jamie Scott, Romy Dya - So Far Away (feat. Jamie Scott & Romy Dya).flac
2025-05-11T10:11:23 update: added /Martin Garrix, Dua Lipa - Scared to Be Lonely.flac
2025-05-11T10:12:16 update: added /Martin Garrix, DubVision, Shaun Farrugia - Starlight (Keep Me Afloat).flac
2025-05-11T10:12:30 player: played "Zedd, Jon Bellion - Beautiful Now.flac"
2025-05-11T10:13:45 update: added /Martin Garrix, Macklemore, Fall Out Boy - Summer Days (feat. Macklemore & Patrick Stump of Fall Out Boy).flac
2025-05-11T10:14:17 update: added /Hailee Steinfeld, Grey, Zedd - Starving.flac
2025-05-11T10:14:39 update: added /Martin Garrix, Dean Lewis - Used To Love (with Dean Lewis).flac
2025-05-11T10:15:47 update: added /David Guetta, Justin Bieber - 2U (feat. Justin Bieber).flac
2025-05-11T10:15:55 player: played "Zedd, Matthew Koma, Miriam Bryant - Find You.flac"
2025-05-11T10:16:01 update: added /Tiësto, Tate McRae - 10-35.flac
2025-05-11T10:16:46 update: added /Zara Larsson - Ain't My Fault.flac
2025-05-11T10:16:55 update: added /KAROL G, Tiësto - CONTIGO (with Tiësto).flac
2025-05-11T10:17:25 update: added /Zara Larsson - You Love Who You Love.flac
2025-05-11T10:17:50 update: added /Sabrina Carpenter, Jonas Blue - Alien.flac
2025-05-11T10:18:08 update: added /slō, twilight, Tazzy - attention - slowed + reverb.flac
2025-05-11T10:18:26 update: added /Selena Gomez - Back To You - From 13 Reasons Why – Season 2 Soundtrack.flac
2025-05-11T10:18:49 player: played "Zedd - Daisy.flac"
2025-05-11T10:18:56 update: added /Ed Sheeran - Bad Habits.flac
2025-05-11T10:19:11 update: added /Marshmello, Halsey - Be Kind (with Halsey).flac
2025-05-11T10:19:48 update: added /Calvin Harris, John Newman - Blame (feat. John Newman).flac
2025-05-11T10:19:48 update: added /Marshmello, Bastille - Happier.flac
2025-05-11T10:20:47 update: added /Marshmello, Anne-Marie - FRIENDS.flac
2025-05-11T10:20:47 update: added /Calvin Harris, Rihanna - This Is What You Came For.flac
2025-05-11T10:21:23 update: added /Calvin Harris - My Way.flac
2025-05-11T10:24:18 player: played "Sander van Doorn, Martin Garrix, DVBBS, Aleesia - Gold Skies (feat. Aleesia).flac"
2025-05-11T10:27:49 player: played "Zedd, Alessia Cara - Stay.flac"
2025-05-11T10:38:18 update: added /Fuerza Regida, Marshmello - HARLEY QUINN.flac
2025-05-11T10:38:33 update: added /Calvin Harris, Frank Ocean, Migos - Slide (feat. Frank Ocean & Migos).flac
2025-05-11T10:39:11 update: added /Marshmello, CHVRCHES - Here With Me.flac
2025-05-11T10:39:21 update: added /Calvin Harris, Ellie Goulding - Outside (feat. Ellie Goulding).flac
2025-05-11T10:40:44 update: added /Rihanna, Calvin Harris - We Found Love.flac
2025-05-11T10:41:42 update: added /Calvin Harris, Alesso, Hurts - Under Control (feat. Hurts).flac
2025-05-11T10:42:00 update: added /Calvin Harris - Summer.flac
2025-05-11T10:42:20 update: added /Calvin Harris, Justin Timberlake, Halsey, Pharrell Williams - Stay With Me (with Justin Timberlake, Halsey, & Pharrell).flac
2025-05-11T10:42:34 update: added /Calvin Harris, Sam Smith, Jessie Reyez - Promises (with Sam Smith).flac
2025-05-11T10:43:11 update: added /Underworld - S T A R.flac
2025-05-11T10:43:26 update: added /Calvin Harris, Dua Lipa - One Kiss (with Dua Lipa).flac
2025-05-11T10:43:40 player: played "Sander van Doorn, Martin Garrix, DVBBS, Aleesia - Gold Skies (feat. Aleesia).flac"
2025-05-11T10:43:57 update: added /Sam Smith, Calvin Harris, Jessie Reyez - I'm Not Here To Make Friends.flac
2025-05-11T10:44:11 update: added /Calvin Harris, Pharrell Williams, Katy Perry, Big Sean - Feels (feat. Pharrell Williams, Katy Perry & Big Sean).flac
2025-05-11T10:44:34 update: added /Calvin Harris, Rag'n'Bone Man - Giant (with Rag'n'Bone Man).flac
2025-05-11T10:45:17 update: added /Kygo, Kim Petras - Broken Glass.flac
2025-05-11T10:45:37 update: added /Kygo, Conrad Sewell - Firestone.flac
2025-05-11T10:46:04 update: added /Kygo, Zara Larsson, Tyga - Like It Is.flac
2025-05-11T10:46:28 update: added /Kygo, Chelsea Cutler - Not Ok.flac
2025-05-11T10:46:54 update: added /Kygo, Miguel - Remind Me to Forget.flac
2025-05-11T10:47:05 player: played "Zedd, Matthew Koma, Miriam Bryant - Find You.flac"
2025-05-11T10:47:30 update: added /Kygo, Parson James - Stole the Show.flac
2025-05-11T10:47:38 update: added /Kygo, DNCE - Dancing Feet (feat. DNCE).flac
2025-05-11T10:48:51 update: added /Sebastian Ingrosso, Alesso, Ryan Tedder - Calling (Lose My Mind) - Radio Edit.flac
2025-05-11T10:49:29 update: added /Sigala, Ella Eyre - Came Here for Love.flac
2025-05-11T10:49:42 update: added /Alesso, Zara Larsson - Words (feat. Zara Larsson).flac
2025-05-11T10:49:59 player: played "Zedd - Daisy.flac"
2025-05-11T10:50:23 update: added /Justin Bieber - Company.flac
2025-05-11T10:50:41 update: added /benny blanco, Halsey, Khalid - Eastside (with Halsey & Khalid).flac
2025-05-11T10:51:07 update: added /Cheat Codes, Kim Petras - Feeling of Falling.flac
2025-05-11T10:51:54 update: added /Lost Frequencies, Bastille, Suark - Head Down - Lost Frequencies & SUARK Deluxe Mix.flac
2025-05-11T10:52:16 update: added /Cheat Codes, Demi Lovato - No Promises (feat. Demi Lovato).flac
2025-05-11T10:52:16 update: removing Lost Frequencies, Bastille, Suark - Head Down - Lost Frequencies & SUARK Deluxe Mix.flac
2025-05-11T10:53:30 player: played "Zedd, Alessia Cara - Stay.flac"
2025-05-11T10:54:15 update: removing slō, twilight, Tazzy - attention - slowed + reverb.flac
2025-05-11T10:55:00 update: removing Underworld - S T A R.flac
2025-05-11T10:56:06 player: played "Marshmello, CHVRCHES - Here With Me.flac"
2025-05-11T10:56:20 update: added /Cheat Codes, Little Mix - Only You (with Little Mix).flac
2025-05-11T11:05:20 update: added /Charlie Puth - Attention.flac
2025-05-11T11:06:17 update: added /Avicii - The Nights.flac
2025-05-11T11:07:09 update: added /Avicii - Wake Me Up.flac
2025-05-11T11:07:53 update: added /Avicii - Levels - Radio Edit.flac
2025-05-11T11:16:10 update: added /K-391, RØRY - Aurora.flac
2025-05-11T11:16:10 update: added /Shawn Mendes, Camila Cabello - Señorita.flac
2025-05-11T11:16:10 update: added /Witt Lowry, Ava Max - Into Your Arms (feat. Ava Max).flac
2025-05-11T11:16:10 update: added /Twenty One Pilots - Stressed Out.flac
2025-05-11T11:16:10 update: added /The Chainsmokers, Coldplay - Something Just Like This.flac
2025-05-11T11:16:10 update: added /Arc North, Cour, Charlie Miller - Youngblood.flac
2025-05-11T11:16:10 update: added /Sia - Unstoppable.flac
2025-05-11T11:16:10 update: added /Luis Fonsi, Daddy Yankee, Justin Bieber - Despacito - Remix.flac
2025-05-11T11:16:10 update: added /Justin Bieber - Sorry.flac
2025-05-11T11:16:10 update: added /Fifth Harmony - Worth It.flac
2025-05-11T11:16:10 update: added /Sean Paul, Dua Lipa - No Lie.flac
2025-05-11T11:16:10 update: added /DJ Snake, Selena Gomez, Ozuna, Cardi B - Taki Taki (feat. Selena Gomez, Ozuna & Cardi B).flac
2025-05-11T11:16:10 update: added /The Weeknd, Daft Punk - Starboy.flac
2025-05-11T11:16:10 update: added /Alec Benjamin - Let Me Down Slowly.flac
2025-05-11T11:16:10 update: added /Rival, CADMIUM, Rosendale - Willow Tree.flac
2025-05-11T11:16:10 update: added /Lil Nas X - MONTERO (Call Me By Your Name).flac
2025-05-11T11:16:10 update: added /Justin Bieber, Daniel Caesar, GIVĒON - Peaches (feat. Daniel Caesar & Giveon).flac
2025-05-11T11:16:10 update: added /CKay, Dj Yo!, AX'EL - love nwantiti (feat. Dj Yo! & AX'EL) - Remix.flac
2025-05-11T11:16:10 update: added /LISA - MONEY.flac
2025-05-11T11:16:10 update: added /DHARIA - Sugar & Brownies.flac
2025-05-11T11:16:10 update: added /Raaban, Tungevaag, Luana Kiara - Bad Boy (feat. Luana Kiara).flac
2025-05-11T11:16:10 update: added /Tiësto, Ava Max - The Motto.flac
2025-05-11T11:16:10 update: added /KSHMR, Jeremy Oceans - One More Round (Free Fire Booyah Day Theme Song).flac
2025-05-11T11:16:10 update: added /Imagine Dragons - Believer.flac
2025-05-11T11:16:53 update: added /Alan Walker, Imanbek - Sweet Dreams.flac
2025-05-11T11:16:53 update: added /Hardwell, KSHMR - Power.flac
2025-05-11T11:16:53 update: added /Lost Sky, Chris Linton - Fearless Pt. II.flac
2025-05-11T11:16:53 update: added /Dynoro, Gigi D'Agostino - In My Mind.flac
2025-05-11T11:16:53 update: added /Lil Nas X, Jack Harlow - INDUSTRY BABY (feat. Jack Harlow).flac
2025-05-11T11:16:53 update: added /Tesher - Jalebi Baby.flac
2025-05-11T11:16:53 update: added /Selena Gomez, Marshmello - Wolves.flac
2025-05-11T11:16:53 update: added /Alan Walker - Alone.flac
2025-05-11T11:16:53 update: added /Alan Walker, Sabrina Carpenter, Farruko - On My Way.flac
2025-05-11T11:16:53 update: added /League of Legends, Alan Walker, Against The Current, Mako - Legends Never Die - (Remix).flac
2025-05-11T11:16:53 update: added /Jason Derulo - Take You Dancing.flac
2025-05-11T11:16:53 update: added /Post Malone, 21 Savage - rockstar (feat. 21 Savage).flac
2025-05-11T11:17:09 update: added /DHARIA - Tara Rita.flac
2025-05-11T11:17:09 update: added /Jawsh 685, Jason Derulo, BTS - Savage Love (Laxed – Siren Beat) [BTS Remix].flac
2025-05-11T11:17:09 update: added /Alan Walker, AuRa, Tomine Harket - Darkside.flac
2025-05-11T11:17:09 update: added /Kygo, OneRepublic, Alan Walker - Stranger Things (feat. OneRepublic) - Alan Walker Remix.flac
2025-05-11T11:17:38 update: added /SENSE - Moved On.flac
2025-05-11T11:17:38 update: added /Maroon 5 - Animals.flac
2025-05-11T11:17:38 update: added /Alan Walker, Ava Max - Alone, Pt. II.flac
2025-05-11T11:17:38 update: added /OneRepublic - Counting Stars.flac
2025-05-11T11:17:38 update: added /Imagine Dragons, JID, Arcane, League of Legends - Enemy (with JID) - from the series Arcane League of Legends.flac
2025-05-11T11:17:38 update: added /Ellie Goulding - Love Me Like You Do - From 'Fifty Shades Of Grey'.flac
2025-05-11T11:17:38 update: added /HUGEL, Amber Van Day - WTF (feat. Amber Van Day).flac
2025-05-11T11:17:38 update: added /Kygo, Selena Gomez - It Ain't Me (with Selena Gomez).flac
2025-05-11T11:17:51 update: added /Martin Garrix, Troye Sivan - There for You.flac
2025-05-11T11:17:51 update: added /Elley Duhé - MIDDLE OF THE NIGHT.flac
2025-05-11T11:17:51 update: added /Lil Nas X - Old Town Road.flac
2025-05-11T11:17:51 update: added /BoyWithUke - Toxic.flac
2025-05-11T11:18:20 update: added /Serhat Durmus, Zerrin - Hislerim.flac
2025-05-11T11:18:20 update: added /Glass Animals - Heat Waves.flac
2025-05-11T11:18:20 update: added /escape - Цунами.flac
2025-05-11T11:18:20 update: added /GAYLE - abcdefu.flac
2025-05-11T11:18:20 update: added /Sub Urban - Cradles.flac
2025-05-11T11:18:20 update: added /Nej - Paro.flac
2025-05-11T11:19:05 update: removing Alan Walker, Imanbek - Sweet Dreams.flac
2025-05-11T11:20:34 update: removing DHARIA - Tara Rita.flac
2025-05-11T11:20:34 update: removing DHARIA - Sugar & Brownies.flac
2025-05-11T11:20:34 update: removing Alec Benjamin - Let Me Down Slowly.flac
2025-05-11T11:20:34 update: removing Elley Duhé - MIDDLE OF THE NIGHT.flac
2025-05-11T11:20:34 update: removing CKay, Dj Yo!, AX'EL - love nwantiti (feat. Dj Yo! & AX'EL) - Remix.flac
2025-05-11T11:20:34 update: removing Arc North, Cour, Charlie Miller - Youngblood.flac
2025-05-11T11:20:34 update: removing BoyWithUke - Toxic.flac
2025-05-11T11:21:26 update: removing escape - Цунами.flac
2025-05-11T11:21:26 update: removing HUGEL, Amber Van Day - WTF (feat. Amber Van Day).flac
2025-05-11T11:21:26 update: removing Fifth Harmony - Worth It.flac
2025-05-11T11:21:26 update: removing Jason Derulo - Take You Dancing.flac
2025-05-11T11:21:26 update: removing Jawsh 685, Jason Derulo, BTS - Savage Love (Laxed – Siren Beat) [BTS Remix].flac
2025-05-11T11:21:26 update: removing Hardwell, KSHMR - Power.flac
2025-05-11T11:21:26 update: removing Dynoro, Gigi D'Agostino - In My Mind.flac
2025-05-11T11:21:26 update: removing Imagine Dragons - Believer.flac
2025-05-11T11:21:26 update: removing Imagine Dragons, JID, Arcane, League of Legends - Enemy (with JID) - from the series Arcane League of Legends.flac
2025-05-11T11:21:26 update: removing Glass Animals - Heat Waves.flac
2025-05-11T11:21:26 update: removing GAYLE - abcdefu.flac
2025-05-11T11:22:11 update: removing Kygo, OneRepublic, Alan Walker - Stranger Things (feat. OneRepublic) - Alan Walker Remix.flac
2025-05-11T11:22:11 update: removing Justin Bieber, Daniel Caesar, GIVĒON - Peaches (feat. Daniel Caesar & Giveon).flac
2025-05-11T11:22:11 update: removing K-391, RØRY - Aurora.flac
2025-05-11T11:24:10 update: removing Lost Sky, Chris Linton - Fearless Pt. II.flac
2025-05-11T11:24:10 update: removing Luis Fonsi, Daddy Yankee, Justin Bieber - Despacito - Remix.flac
2025-05-11T11:24:10 update: removing Sub Urban - Cradles.flac
2025-05-11T11:24:10 update: removing Post Malone, 21 Savage - rockstar (feat. 21 Savage).flac
2025-05-11T11:24:10 update: removing Raaban, Tungevaag, Luana Kiara - Bad Boy (feat. Luana Kiara).flac
2025-05-11T11:24:10 update: removing Sabrina Carpenter, Jonas Blue - Alien.flac
2025-05-11T11:24:10 update: removing Lil Nas X - Old Town Road.flac
2025-05-11T11:24:10 update: removing Rival, CADMIUM, Rosendale - Willow Tree.flac
2025-05-11T11:24:10 update: removing Maroon 5 - Animals.flac
2025-05-11T11:24:10 update: removing Sia - Unstoppable.flac
2025-05-11T11:24:10 update: removing Tiësto, Ava Max - The Motto.flac
2025-05-11T11:24:10 update: removing Nej - Paro.flac
2025-05-11T11:24:10 update: removing OneRepublic - Counting Stars.flac
2025-05-11T11:24:10 update: removing SENSE - Moved On.flac
2025-05-11T11:24:10 update: removing Lil Nas X - MONTERO (Call Me By Your Name).flac
2025-05-11T11:24:10 update: removing League of Legends, Alan Walker, Against The Current, Mako - Legends Never Die - (Remix).flac
2025-05-11T11:24:10 update: removing LISA - MONEY.flac
2025-05-11T11:24:10 update: removing Tesher - Jalebi Baby.flac
2025-05-11T11:24:10 update: removing Kygo, Selena Gomez - It Ain't Me (with Selena Gomez).flac
2025-05-11T11:24:10 update: removing Witt Lowry, Ava Max - Into Your Arms (feat. Ava Max).flac
2025-05-11T11:24:10 update: removing Lil Nas X, Jack Harlow - INDUSTRY BABY (feat. Jack Harlow).flac
2025-05-11T11:54:29 update: added /It Ain't Me.flac
2025-05-11T11:55:34 update: removing Avicii - Wake Me Up.flac
2025-05-11T11:55:34 update: removing Avicii - Levels - Radio Edit.flac
2025-05-11T11:59:21 player: played "Martin Garrix, DubVision, Shaun Farrugia - Starlight (Keep Me Afloat).flac"
2025-05-11T12:28:53 update: added /Avicii - Wake Me Up.flac
2025-05-11T12:29:58 update: added /Avicii - Waiting For Love.flac
2025-05-11T12:30:50 update: added /Avicii - Levels - Radio Edit.flac
2025-05-11T12:31:33 update: added /Avicii - Hey Brother.flac
2025-05-11T12:39:28 update: added /Avicii, Rita Ora - Lonely Together (feat. Rita Ora).flac
2025-05-11T12:39:28 update: added /Avicii, Sandro Cavazza - Without You (feat. Sandro Cavazza).flac
2025-05-11T12:39:28 update: added /Avicii - Sunset Jesus.flac
2025-05-11T12:39:28 update: added /Avicii - True Believer.flac
2025-05-11T12:39:28 update: added /Avicii, Vargas & Lagola - Friend Of Mine (feat. Vargas & Lagola).flac
2025-05-11T12:39:28 update: added /Iggy Azalea, Zedd - Boom Boom.flac
2025-05-11T12:43:18 update: added /Avicii - Lay Me Down.flac
2025-05-11T12:45:56 update: added /Twenty One Pilots - Heathens.flac
2025-05-11T12:47:05 update: added /Kygo, Imagine Dragons - Born To Be Yours.flac
2025-05-11T13:26:49 player: played "Martin Garrix, DubVision, Shaun Farrugia - Starlight (Keep Me Afloat).flac"
2025-05-11T13:46:26 player: played "Iggy Azalea, Zedd - Boom Boom.flac"
2025-05-11T13:49:31 player: played "Zedd, Maren Morris, Grey - The Middle.flac"
2025-05-11T13:54:31 player: played "Avicii - Lay Me Down.flac"
2025-05-11T13:57:44 player: played "Kygo, Imagine Dragons - Born To Be Yours.flac"
2025-05-11T14:00:46 player: played "Avicii, Rita Ora - Lonely Together (feat. Rita Ora).flac"
2025-05-11T14:06:15 player: played "Sander van Doorn, Martin Garrix, DVBBS, Aleesia - Gold Skies (feat. Aleesia).flac"
2025-05-11T14:09:17 player: played "Avicii, Sandro Cavazza - Without You (feat. Sandro Cavazza).flac"
2025-05-11T14:25:33 player: played "Zedd, Matthew Koma, Miriam Bryant - Find You.flac"
